Flow report for practica2_vhdl
Wed Aug 21 13:37:36 2019
Quartus Prime Version 17.1.0 Build 590 10/25/2017 SJ Lite Edition


---------------------
; Table of Contents ;
---------------------
  1. Legal Notice
  2. Flow Summary
  3. Flow Settings
  4. Flow Non-Default Global Settings
  5. Flow Elapsed Time
  6. Flow OS Summary
  7. Flow Log
  8. Flow Messages
  9. Flow Suppressed Messages



----------------
; Legal Notice ;
----------------
Copyright (C) 2017  Intel Corporation. All rights reserved.
Your use of Intel Corporation's design tools, logic functions 
and other software and tools, and its AMPP partner logic 
functions, and any output files from any of the foregoing 
(including device programming or simulation files), and any 
associated documentation or information are expressly subject 
to the terms and conditions of the Intel Program License 
Subscription Agreement, the Intel Quartus Prime License Agreement,
the Intel FPGA IP License Agreement, or other applicable license
agreement, including, without limitation, that your use is for
the sole purpose of programming logic devices manufactured by
Intel and sold by Intel or its authorized distributors.  Please
refer to the applicable agreement for further details.



+----------------------------------------------------------------------------------+
; Flow Summary                                                                     ;
+------------------------------------+---------------------------------------------+
; Flow Status                        ; Successful - Wed Aug 21 13:37:36 2019       ;
; Quartus Prime Version              ; 17.1.0 Build 590 10/25/2017 SJ Lite Edition ;
; Revision Name                      ; practica2_vhdl                              ;
; Top-level Entity Name              ; Block2                                      ;
; Family                             ; MAX 10                                      ;
; Device                             ; 10M50DAF484C7G                              ;
; Timing Models                      ; Final                                       ;
; Total logic elements               ; 12 / 49,760 ( < 1 % )                       ;
;     Total combinational functions  ; 10 / 49,760 ( < 1 % )                       ;
;     Dedicated logic registers      ; 11 / 49,760 ( < 1 % )                       ;
; Total registers                    ; 11                                          ;
; Total pins                         ; 8 / 360 ( 2 % )                             ;
; Total virtual pins                 ; 0                                           ;
; Total memory bits                  ; 0 / 1,677,312 ( 0 % )                       ;
; Embedded Multiplier 9-bit elements ; 0 / 288 ( 0 % )                             ;
; Total PLLs                         ; 0 / 4 ( 0 % )                               ;
; UFM blocks                         ; 0 / 1 ( 0 % )                               ;
; ADC blocks                         ; 0 / 2 ( 0 % )                               ;
+------------------------------------+---------------------------------------------+


+-----------------------------------------+
; Flow Settings                           ;
+-------------------+---------------------+
; Option            ; Setting             ;
+-------------------+---------------------+
; Start date & time ; 08/21/2019 13:35:47 ;
; Main task         ; Compilation         ;
; Revision Name     ; practica2_vhdl      ;
+-------------------+---------------------+


+------------------------------------------------------------------------------------------------------------------------------+
; Flow Non-Default Global Settings                                                                                             ;
+-------------------------------------+----------------------------------------+----------------+-------------+----------------+
; Assignment Name                     ; Value                                  ; Default Value  ; Entity Name ; Section Id     ;
+-------------------------------------+----------------------------------------+----------------+-------------+----------------+
; COMPILER_SIGNATURE_ID               ; 48791039301899.156641254502872         ; --             ; --          ; --             ;
; EDA_OUTPUT_DATA_FORMAT              ; Vhdl                                   ; --             ; --          ; eda_simulation ;
; EDA_SIMULATION_TOOL                 ; ModelSim-Altera (VHDL)                 ; <None>         ; --          ; --             ;
; EDA_TIME_SCALE                      ; 1 ps                                   ; --             ; --          ; eda_simulation ;
; MAX_CORE_JUNCTION_TEMP              ; 85                                     ; --             ; --          ; --             ;
; MIN_CORE_JUNCTION_TEMP              ; 0                                      ; --             ; --          ; --             ;
; PARTITION_COLOR                     ; -- (Not supported for targeted family) ; --             ; Block2      ; Top            ;
; PARTITION_FITTER_PRESERVATION_LEVEL ; -- (Not supported for targeted family) ; --             ; Block2      ; Top            ;
; PARTITION_NETLIST_TYPE              ; -- (Not supported for targeted family) ; --             ; Block2      ; Top            ;
; PROJECT_OUTPUT_DIRECTORY            ; output_files                           ; --             ; --          ; --             ;
; TOP_LEVEL_ENTITY                    ; Block2                                 ; practica2_vhdl ; --          ; --             ;
+-------------------------------------+----------------------------------------+----------------+-------------+----------------+


+-------------------------------------------------------------------------------------------------------------------------------+
; Flow Elapsed Time                                                                                                             ;
+---------------------------+--------------+-------------------------+---------------------+------------------------------------+
; Module Name               ; Elapsed Time ; Average Processors Used ; Peak Virtual Memory ; Total CPU Time (on all processors) ;
+---------------------------+--------------+-------------------------+---------------------+------------------------------------+
; Analysis & Synthesis      ; 00:00:47     ; 1.0                     ; 4808 MB             ; 00:01:15                           ;
; Fitter                    ; 00:00:28     ; 1.0                     ; 5385 MB             ; 00:00:32                           ;
; Assembler                 ; 00:00:10     ; 1.0                     ; 4697 MB             ; 00:00:09                           ;
; TimeQuest Timing Analyzer ; 00:00:10     ; 1.0                     ; 4806 MB             ; 00:00:08                           ;
; EDA Netlist Writer        ; 00:00:04     ; 1.0                     ; 4658 MB             ; 00:00:03                           ;
; Total                     ; 00:01:39     ; --                      ; --                  ; 00:02:07                           ;
+---------------------------+--------------+-------------------------+---------------------+------------------------------------+


+-----------------------------------------------------------------------------------------+
; Flow OS Summary                                                                         ;
+---------------------------+------------------+------------+------------+----------------+
; Module Name               ; Machine Hostname ; OS Name    ; OS Version ; Processor type ;
+---------------------------+------------------+------------+------------+----------------+
; Analysis & Synthesis      ; DESKTOP-S7HGID8  ; Windows 10 ; 10.0       ; x86_64         ;
; Fitter                    ; DESKTOP-S7HGID8  ; Windows 10 ; 10.0       ; x86_64         ;
; Assembler                 ; DESKTOP-S7HGID8  ; Windows 10 ; 10.0       ; x86_64         ;
; TimeQuest Timing Analyzer ; DESKTOP-S7HGID8  ; Windows 10 ; 10.0       ; x86_64         ;
; EDA Netlist Writer        ; DESKTOP-S7HGID8  ; Windows 10 ; 10.0       ; x86_64         ;
+---------------------------+------------------+------------+------------+----------------+


------------
; Flow Log ;
------------
quartus_map --read_settings_files=on --write_settings_files=off practica2_vhdl -c practica2_vhdl
quartus_fit --read_settings_files=off --write_settings_files=off practica2_vhdl -c practica2_vhdl
quartus_asm --read_settings_files=off --write_settings_files=off practica2_vhdl -c practica2_vhdl
quartus_sta practica2_vhdl -c practica2_vhdl
quartus_eda --read_settings_files=off --write_settings_files=off practica2_vhdl -c practica2_vhdl



