TimeQuest Timing Analyzer report for practica7
Fri Nov 01 23:10:16 2019
Quartus Prime Version 17.1.0 Build 590 10/25/2017 SJ Lite Edition


---------------------
; Table of Contents ;
---------------------
  1. Legal Notice
  2. TimeQuest Timing Analyzer Summary
  3. Parallel Compilation
  4. Clocks
  5. Slow 1200mV 85C Model Fmax Summary
  6. Slow 1200mV 85C Model Setup Summary
  7. Slow 1200mV 85C Model Hold Summary
  8. Slow 1200mV 85C Model Recovery Summary
  9. Slow 1200mV 85C Model Removal Summary
 10. Slow 1200mV 85C Model Minimum Pulse Width Summary
 11. Slow 1200mV 85C Model Metastability Summary
 12. Slow 1200mV 0C Model Fmax Summary
 13. Slow 1200mV 0C Model Setup Summary
 14. Slow 1200mV 0C Model Hold Summary
 15. Slow 1200mV 0C Model Recovery Summary
 16. Slow 1200mV 0C Model Removal Summary
 17. Slow 1200mV 0C Model Minimum Pulse Width Summary
 18. Slow 1200mV 0C Model Metastability Summary
 19. Fast 1200mV 0C Model Setup Summary
 20. Fast 1200mV 0C Model Hold Summary
 21. Fast 1200mV 0C Model Recovery Summary
 22. Fast 1200mV 0C Model Removal Summary
 23. Fast 1200mV 0C Model Minimum Pulse Width Summary
 24. Fast 1200mV 0C Model Metastability Summary
 25. Multicorner Timing Analysis Summary
 26. Board Trace Model Assignments
 27. Input Transition Times
 28. Signal Integrity Metrics (Slow 1200mv 0c Model)
 29. Signal Integrity Metrics (Slow 1200mv 85c Model)
 30. Signal Integrity Metrics (Fast 1200mv 0c Model)
 31. Setup Transfers
 32. Hold Transfers
 33. Report TCCS
 34. Report RSKM
 35. Unconstrained Paths Summary
 36. Clock Status Summary
 37. Unconstrained Input Ports
 38. Unconstrained Output Ports
 39. Unconstrained Input Ports
 40. Unconstrained Output Ports
 41. TimeQuest Timing Analyzer Messages



----------------
; Legal Notice ;
----------------
Copyright (C) 2017  Intel Corporation. All rights reserved.
Your use of Intel Corporation's design tools, logic functions 
and other software and tools, and its AMPP partner logic 
functions, and any output files from any of the foregoing 
(including device programming or simulation files), and any 
associated documentation or information are expressly subject 
to the terms and conditions of the Intel Program License 
Subscription Agreement, the Intel Quartus Prime License Agreement,
the Intel FPGA IP License Agreement, or other applicable license
agreement, including, without limitation, that your use is for
the sole purpose of programming logic devices manufactured by
Intel and sold by Intel or its authorized distributors.  Please
refer to the applicable agreement for further details.



+-----------------------------------------------------------------------------+
; TimeQuest Timing Analyzer Summary                                           ;
+-----------------------+-----------------------------------------------------+
; Quartus Prime Version ; Version 17.1.0 Build 590 10/25/2017 SJ Lite Edition ;
; Timing Analyzer       ; TimeQuest                                           ;
; Revision Name         ; practica7                                           ;
; Device Family         ; MAX 10                                              ;
; Device Name           ; 10M50DAF484C7G                                      ;
; Timing Models         ; Final                                               ;
; Delay Model           ; Combined                                            ;
; Rise/Fall Delays      ; Enabled                                             ;
+-----------------------+-----------------------------------------------------+


+------------------------------------------+
; Parallel Compilation                     ;
+----------------------------+-------------+
; Processors                 ; Number      ;
+----------------------------+-------------+
; Number detected on machine ; 4           ;
; Maximum allowed            ; 4           ;
;                            ;             ;
; Average used               ; 2.73        ;
; Maximum used               ; 4           ;
;                            ;             ;
; Usage by Processor         ; % Time Used ;
;     Processor 1            ; 100.0%      ;
;     Processor 2            ;  58.6%      ;
;     Processor 3            ;  57.8%      ;
;     Processor 4            ;  56.9%      ;
+----------------------------+-------------+


+--------------------------------------------------------------------------------------------------------------------------------------------------------------------------------------------------------------------------------------------------------------+
; Clocks                                                                                                                                                                                                                                                       ;
+-----------------------------------------------+------+--------+------------+-------+-------+------------+-----------+-------------+-------+--------+-----------+------------+----------+--------+--------+---------------------------------------------------+
; Clock Name                                    ; Type ; Period ; Frequency  ; Rise  ; Fall  ; Duty Cycle ; Divide by ; Multiply by ; Phase ; Offset ; Edge List ; Edge Shift ; Inverted ; Master ; Source ; Targets                                           ;
+-----------------------------------------------+------+--------+------------+-------+-------+------------+-----------+-------------+-------+--------+-----------+------------+----------+--------+--------+---------------------------------------------------+
; clk                                           ; Base ; 1.000  ; 1000.0 MHz ; 0.000 ; 0.500 ;            ;           ;             ;       ;        ;           ;            ;          ;        ;        ; { clk }                                           ;
; divisor:inst2|div                             ; Base ; 1.000  ; 1000.0 MHz ; 0.000 ; 0.500 ;            ;           ;             ;       ;        ;           ;            ;          ;        ;        ; { divisor:inst2|div }                             ;
; registro_direccion:inst8|valor_interno[0]     ; Base ; 1.000  ; 1000.0 MHz ; 0.000 ; 0.500 ;            ;           ;             ;       ;        ;           ;            ;          ;        ;        ; { registro_direccion:inst8|valor_interno[0] }     ;
; secuenciador:secueciador|registro_sec:inst|CC ; Base ; 1.000  ; 1000.0 MHz ; 0.000 ; 0.500 ;            ;           ;             ;       ;        ;           ;            ;          ;        ;        ; { secuenciador:secueciador|registro_sec:inst|CC } ;
; secuenciador:secueciador|registro_sec:inst|CH ; Base ; 1.000  ; 1000.0 MHz ; 0.000 ; 0.500 ;            ;           ;             ;       ;        ;           ;            ;          ;        ;        ; { secuenciador:secueciador|registro_sec:inst|CH } ;
; secuenciador:secueciador|registro_sec:inst|CZ ; Base ; 1.000  ; 1000.0 MHz ; 0.000 ; 0.500 ;            ;           ;             ;       ;        ;           ;            ;          ;        ;        ; { secuenciador:secueciador|registro_sec:inst|CZ } ;
+-----------------------------------------------+------+--------+------------+-------+-------+------------+-----------+-------------+-------+--------+-----------+------------+----------+--------+--------+---------------------------------------------------+


+------------------------------------------------------------------------------------------------------------------------------------------+
; Slow 1200mV 85C Model Fmax Summary                                                                                                       ;
+------------+-----------------+-------------------------------------------+---------------------------------------------------------------+
; Fmax       ; Restricted Fmax ; Clock Name                                ; Note                                                          ;
+------------+-----------------+-------------------------------------------+---------------------------------------------------------------+
; 27.48 MHz  ; 27.48 MHz       ; registro_direccion:inst8|valor_interno[0] ;                                                               ;
; 60.76 MHz  ; 60.76 MHz       ; divisor:inst2|div                         ;                                                               ;
; 281.53 MHz ; 250.0 MHz       ; clk                                       ; limit due to minimum period restriction (max I/O toggle rate) ;
+------------+-----------------+-------------------------------------------+---------------------------------------------------------------+
This panel reports FMAX for every clock in the design, regardless of the user-specified clock periods.  FMAX is only computed for paths where the source and destination registers or ports are driven by the same clock.  Paths of different clocks, including generated clocks, are ignored.  For paths between a clock and its inversion, FMAX is computed as if the rising and falling edges are scaled along with FMAX, such that the duty cycle (in terms of a percentage) is maintained. Altera recommends that you always use clock constraints and other slack reports for sign-off analysis.


+-------------------------------------------------------------------------+
; Slow 1200mV 85C Model Setup Summary                                     ;
+-----------------------------------------------+---------+---------------+
; Clock                                         ; Slack   ; End Point TNS ;
+-----------------------------------------------+---------+---------------+
; registro_direccion:inst8|valor_interno[0]     ; -17.696 ; -25391.178    ;
; divisor:inst2|div                             ; -17.039 ; -1582.251     ;
; secuenciador:secueciador|registro_sec:inst|CZ ; -5.664  ; -5.664        ;
; secuenciador:secueciador|registro_sec:inst|CH ; -4.041  ; -4.041        ;
; secuenciador:secueciador|registro_sec:inst|CC ; -3.978  ; -3.978        ;
; clk                                           ; -2.552  ; -47.254       ;
+-----------------------------------------------+---------+---------------+


+------------------------------------------------------------------------+
; Slow 1200mV 85C Model Hold Summary                                     ;
+-----------------------------------------------+--------+---------------+
; Clock                                         ; Slack  ; End Point TNS ;
+-----------------------------------------------+--------+---------------+
; registro_direccion:inst8|valor_interno[0]     ; -1.824 ; -30.290       ;
; divisor:inst2|div                             ; -0.696 ; -2.003        ;
; clk                                           ; -0.082 ; -0.082        ;
; secuenciador:secueciador|registro_sec:inst|CC ; 4.477  ; 0.000         ;
; secuenciador:secueciador|registro_sec:inst|CZ ; 4.502  ; 0.000         ;
; secuenciador:secueciador|registro_sec:inst|CH ; 4.534  ; 0.000         ;
+-----------------------------------------------+--------+---------------+


------------------------------------------
; Slow 1200mV 85C Model Recovery Summary ;
------------------------------------------
No paths to report.


-----------------------------------------
; Slow 1200mV 85C Model Removal Summary ;
-----------------------------------------
No paths to report.


+------------------------------------------------------------------------+
; Slow 1200mV 85C Model Minimum Pulse Width Summary                      ;
+-----------------------------------------------+--------+---------------+
; Clock                                         ; Slack  ; End Point TNS ;
+-----------------------------------------------+--------+---------------+
; clk                                           ; -3.000 ; -39.478       ;
; divisor:inst2|div                             ; -1.403 ; -176.778      ;
; secuenciador:secueciador|registro_sec:inst|CC ; -1.403 ; -1.403        ;
; secuenciador:secueciador|registro_sec:inst|CH ; -1.403 ; -1.403        ;
; secuenciador:secueciador|registro_sec:inst|CZ ; -1.403 ; -1.403        ;
; registro_direccion:inst8|valor_interno[0]     ; 0.271  ; 0.000         ;
+-----------------------------------------------+--------+---------------+


-----------------------------------------------
; Slow 1200mV 85C Model Metastability Summary ;
-----------------------------------------------
No synchronizer chains to report.


+-----------------------------------------------------------------------------------------------------------------------------------------+
; Slow 1200mV 0C Model Fmax Summary                                                                                                       ;
+-----------+-----------------+-------------------------------------------+---------------------------------------------------------------+
; Fmax      ; Restricted Fmax ; Clock Name                                ; Note                                                          ;
+-----------+-----------------+-------------------------------------------+---------------------------------------------------------------+
; 29.51 MHz ; 29.51 MHz       ; registro_direccion:inst8|valor_interno[0] ;                                                               ;
; 65.32 MHz ; 65.32 MHz       ; divisor:inst2|div                         ;                                                               ;
; 304.6 MHz ; 250.0 MHz       ; clk                                       ; limit due to minimum period restriction (max I/O toggle rate) ;
+-----------+-----------------+-------------------------------------------+---------------------------------------------------------------+
This panel reports FMAX for every clock in the design, regardless of the user-specified clock periods.  FMAX is only computed for paths where the source and destination registers or ports are driven by the same clock.  Paths of different clocks, including generated clocks, are ignored.  For paths between a clock and its inversion, FMAX is computed as if the rising and falling edges are scaled along with FMAX, such that the duty cycle (in terms of a percentage) is maintained. Altera recommends that you always use clock constraints and other slack reports for sign-off analysis.


+-------------------------------------------------------------------------+
; Slow 1200mV 0C Model Setup Summary                                      ;
+-----------------------------------------------+---------+---------------+
; Clock                                         ; Slack   ; End Point TNS ;
+-----------------------------------------------+---------+---------------+
; registro_direccion:inst8|valor_interno[0]     ; -16.443 ; -23579.288    ;
; divisor:inst2|div                             ; -15.645 ; -1457.318     ;
; secuenciador:secueciador|registro_sec:inst|CZ ; -5.126  ; -5.126        ;
; secuenciador:secueciador|registro_sec:inst|CH ; -3.641  ; -3.641        ;
; secuenciador:secueciador|registro_sec:inst|CC ; -3.591  ; -3.591        ;
; clk                                           ; -2.283  ; -40.660       ;
+-----------------------------------------------+---------+---------------+


+------------------------------------------------------------------------+
; Slow 1200mV 0C Model Hold Summary                                      ;
+-----------------------------------------------+--------+---------------+
; Clock                                         ; Slack  ; End Point TNS ;
+-----------------------------------------------+--------+---------------+
; registro_direccion:inst8|valor_interno[0]     ; -1.584 ; -22.687       ;
; divisor:inst2|div                             ; -0.645 ; -2.124        ;
; clk                                           ; -0.003 ; -0.003        ;
; secuenciador:secueciador|registro_sec:inst|CC ; 4.099  ; 0.000         ;
; secuenciador:secueciador|registro_sec:inst|CZ ; 4.135  ; 0.000         ;
; secuenciador:secueciador|registro_sec:inst|CH ; 4.162  ; 0.000         ;
+-----------------------------------------------+--------+---------------+


-----------------------------------------
; Slow 1200mV 0C Model Recovery Summary ;
-----------------------------------------
No paths to report.


----------------------------------------
; Slow 1200mV 0C Model Removal Summary ;
----------------------------------------
No paths to report.


+------------------------------------------------------------------------+
; Slow 1200mV 0C Model Minimum Pulse Width Summary                       ;
+-----------------------------------------------+--------+---------------+
; Clock                                         ; Slack  ; End Point TNS ;
+-----------------------------------------------+--------+---------------+
; clk                                           ; -3.000 ; -39.478       ;
; divisor:inst2|div                             ; -1.403 ; -176.778      ;
; secuenciador:secueciador|registro_sec:inst|CC ; -1.403 ; -1.403        ;
; secuenciador:secueciador|registro_sec:inst|CH ; -1.403 ; -1.403        ;
; secuenciador:secueciador|registro_sec:inst|CZ ; -1.403 ; -1.403        ;
; registro_direccion:inst8|valor_interno[0]     ; 0.095  ; 0.000         ;
+-----------------------------------------------+--------+---------------+


----------------------------------------------
; Slow 1200mV 0C Model Metastability Summary ;
----------------------------------------------
No synchronizer chains to report.


+------------------------------------------------------------------------+
; Fast 1200mV 0C Model Setup Summary                                     ;
+-----------------------------------------------+--------+---------------+
; Clock                                         ; Slack  ; End Point TNS ;
+-----------------------------------------------+--------+---------------+
; registro_direccion:inst8|valor_interno[0]     ; -7.776 ; -10856.460    ;
; divisor:inst2|div                             ; -7.336 ; -649.254      ;
; secuenciador:secueciador|registro_sec:inst|CZ ; -2.087 ; -2.087        ;
; secuenciador:secueciador|registro_sec:inst|CH ; -1.406 ; -1.406        ;
; secuenciador:secueciador|registro_sec:inst|CC ; -1.357 ; -1.357        ;
; clk                                           ; -0.517 ; -5.562        ;
+-----------------------------------------------+--------+---------------+


+------------------------------------------------------------------------+
; Fast 1200mV 0C Model Hold Summary                                      ;
+-----------------------------------------------+--------+---------------+
; Clock                                         ; Slack  ; End Point TNS ;
+-----------------------------------------------+--------+---------------+
; registro_direccion:inst8|valor_interno[0]     ; -1.238 ; -39.214       ;
; divisor:inst2|div                             ; -0.571 ; -4.056        ;
; clk                                           ; -0.221 ; -0.221        ;
; secuenciador:secueciador|registro_sec:inst|CC ; 2.077  ; 0.000         ;
; secuenciador:secueciador|registro_sec:inst|CZ ; 2.093  ; 0.000         ;
; secuenciador:secueciador|registro_sec:inst|CH ; 2.121  ; 0.000         ;
+-----------------------------------------------+--------+---------------+


-----------------------------------------
; Fast 1200mV 0C Model Recovery Summary ;
-----------------------------------------
No paths to report.


----------------------------------------
; Fast 1200mV 0C Model Removal Summary ;
----------------------------------------
No paths to report.


+------------------------------------------------------------------------+
; Fast 1200mV 0C Model Minimum Pulse Width Summary                       ;
+-----------------------------------------------+--------+---------------+
; Clock                                         ; Slack  ; End Point TNS ;
+-----------------------------------------------+--------+---------------+
; clk                                           ; -3.000 ; -33.447       ;
; divisor:inst2|div                             ; -1.000 ; -126.000      ;
; secuenciador:secueciador|registro_sec:inst|CC ; -1.000 ; -1.000        ;
; secuenciador:secueciador|registro_sec:inst|CH ; -1.000 ; -1.000        ;
; secuenciador:secueciador|registro_sec:inst|CZ ; -1.000 ; -1.000        ;
; registro_direccion:inst8|valor_interno[0]     ; 0.101  ; 0.000         ;
+-----------------------------------------------+--------+---------------+


----------------------------------------------
; Fast 1200mV 0C Model Metastability Summary ;
----------------------------------------------
No synchronizer chains to report.


+------------------------------------------------------------------------------------------------------------------+
; Multicorner Timing Analysis Summary                                                                              ;
+------------------------------------------------+------------+---------+----------+---------+---------------------+
; Clock                                          ; Setup      ; Hold    ; Recovery ; Removal ; Minimum Pulse Width ;
+------------------------------------------------+------------+---------+----------+---------+---------------------+
; Worst-case Slack                               ; -17.696    ; -1.824  ; N/A      ; N/A     ; -3.000              ;
;  clk                                           ; -2.552     ; -0.221  ; N/A      ; N/A     ; -3.000              ;
;  divisor:inst2|div                             ; -17.039    ; -0.696  ; N/A      ; N/A     ; -1.403              ;
;  registro_direccion:inst8|valor_interno[0]     ; -17.696    ; -1.824  ; N/A      ; N/A     ; 0.095               ;
;  secuenciador:secueciador|registro_sec:inst|CC ; -3.978     ; 2.077   ; N/A      ; N/A     ; -1.403              ;
;  secuenciador:secueciador|registro_sec:inst|CH ; -4.041     ; 2.121   ; N/A      ; N/A     ; -1.403              ;
;  secuenciador:secueciador|registro_sec:inst|CZ ; -5.664     ; 2.093   ; N/A      ; N/A     ; -1.403              ;
; Design-wide TNS                                ; -27034.366 ; -43.491 ; 0.0      ; 0.0     ; -220.465            ;
;  clk                                           ; -47.254    ; -0.221  ; N/A      ; N/A     ; -39.478             ;
;  divisor:inst2|div                             ; -1582.251  ; -4.056  ; N/A      ; N/A     ; -176.778            ;
;  registro_direccion:inst8|valor_interno[0]     ; -25391.178 ; -39.214 ; N/A      ; N/A     ; 0.000               ;
;  secuenciador:secueciador|registro_sec:inst|CC ; -3.978     ; 0.000   ; N/A      ; N/A     ; -1.403              ;
;  secuenciador:secueciador|registro_sec:inst|CH ; -4.041     ; 0.000   ; N/A      ; N/A     ; -1.403              ;
;  secuenciador:secueciador|registro_sec:inst|CZ ; -5.664     ; 0.000   ; N/A      ; N/A     ; -1.403              ;
+------------------------------------------------+------------+---------+----------+---------+---------------------+


+-----------------------------------------------------------------------------------------------------------------------------------------------------------------------------------------------------------------------------------------------------------------------------------------------------------------------------------------------------------------------------------------------------------------+
; Board Trace Model Assignments                                                                                                                                                                                                                                                                                                                                                                                   ;
+--------------+--------------+-------------------+-------------------------+-------------------------+---------------+---------------------+----------------+------------------+--------+------------------+------------------------+------------------------+--------------+---------------+-----------------+-------+---------------------+--------------------+---------------+-----------------+-------------+
; Pin          ; I/O Standard ; Near Tline Length ; Near Tline L per Length ; Near Tline C per Length ; Near Series R ; Near Differential R ; Near Pull-up R ; Near Pull-down R ; Near C ; Far Tline Length ; Far Tline L per Length ; Far Tline C per Length ; Far Series R ; Far Pull-up R ; Far Pull-down R ; Far C ; Termination Voltage ; Far Differential R ; EBD File Name ; EBD Signal Name ; EBD Far-end ;
+--------------+--------------+-------------------+-------------------------+-------------------------+---------------+---------------------+----------------+------------------+--------+------------------+------------------------+------------------------+--------------+---------------+-----------------+-------+---------------------+--------------------+---------------+-----------------+-------------+
; salida[7]    ; 3.3-V LVTTL  ; 0 in              ; 0 H/in                  ; 0 F/in                  ; short         ; -                   ; open           ; open             ; open   ; 0 in             ; 0 H/in                 ; 0 F/in                 ; short        ; open          ; open            ; open  ; 0 V                 ; -                  ; n/a           ; n/a             ; n/a         ;
; salida[6]    ; 3.3-V LVTTL  ; 0 in              ; 0 H/in                  ; 0 F/in                  ; short         ; -                   ; open           ; open             ; open   ; 0 in             ; 0 H/in                 ; 0 F/in                 ; short        ; open          ; open            ; open  ; 0 V                 ; -                  ; n/a           ; n/a             ; n/a         ;
; salida[5]    ; 3.3-V LVTTL  ; 0 in              ; 0 H/in                  ; 0 F/in                  ; short         ; -                   ; open           ; open             ; open   ; 0 in             ; 0 H/in                 ; 0 F/in                 ; short        ; open          ; open            ; open  ; 0 V                 ; -                  ; n/a           ; n/a             ; n/a         ;
; salida[4]    ; 3.3-V LVTTL  ; 0 in              ; 0 H/in                  ; 0 F/in                  ; short         ; -                   ; open           ; open             ; open   ; 0 in             ; 0 H/in                 ; 0 F/in                 ; short        ; open          ; open            ; open  ; 0 V                 ; -                  ; n/a           ; n/a             ; n/a         ;
; salida[3]    ; 3.3-V LVTTL  ; 0 in              ; 0 H/in                  ; 0 F/in                  ; short         ; -                   ; open           ; open             ; open   ; 0 in             ; 0 H/in                 ; 0 F/in                 ; short        ; open          ; open            ; open  ; 0 V                 ; -                  ; n/a           ; n/a             ; n/a         ;
; salida[2]    ; 3.3-V LVTTL  ; 0 in              ; 0 H/in                  ; 0 F/in                  ; short         ; -                   ; open           ; open             ; open   ; 0 in             ; 0 H/in                 ; 0 F/in                 ; short        ; open          ; open            ; open  ; 0 V                 ; -                  ; n/a           ; n/a             ; n/a         ;
; salida[1]    ; 3.3-V LVTTL  ; 0 in              ; 0 H/in                  ; 0 F/in                  ; short         ; -                   ; open           ; open             ; open   ; 0 in             ; 0 H/in                 ; 0 F/in                 ; short        ; open          ; open            ; open  ; 0 V                 ; -                  ; n/a           ; n/a             ; n/a         ;
; salida[0]    ; 3.3-V LVTTL  ; 0 in              ; 0 H/in                  ; 0 F/in                  ; short         ; -                   ; open           ; open             ; open   ; 0 in             ; 0 H/in                 ; 0 F/in                 ; short        ; open          ; open            ; open  ; 0 V                 ; -                  ; n/a           ; n/a             ; n/a         ;
; ~ALTERA_TDO~ ; 2.5 V        ; 0 in              ; 0 H/in                  ; 0 F/in                  ; short         ; -                   ; open           ; open             ; open   ; 0 in             ; 0 H/in                 ; 0 F/in                 ; short        ; open          ; open            ; open  ; 0 V                 ; -                  ; n/a           ; n/a             ; n/a         ;
+--------------+--------------+-------------------+-------------------------+-------------------------+---------------+---------------------+----------------+------------------+--------+------------------+------------------------+------------------------+--------------+---------------+-----------------+-------+---------------------+--------------------+---------------+-----------------+-------------+


+---------------------------------------------------------------------------------+
; Input Transition Times                                                          ;
+---------------------+-----------------------+-----------------+-----------------+
; Pin                 ; I/O Standard          ; 10-90 Rise Time ; 90-10 Fall Time ;
+---------------------+-----------------------+-----------------+-----------------+
; sw[1]               ; 3.3-V LVTTL           ; 2640 ps         ; 2640 ps         ;
; sw[0]               ; 3.3-V LVTTL           ; 2640 ps         ; 2640 ps         ;
; rst                 ; 3.3-V LVTTL           ; 2640 ps         ; 2640 ps         ;
; clk                 ; 3.3-V LVTTL           ; 2640 ps         ; 2640 ps         ;
; ~ALTERA_TMS~        ; 2.5 V Schmitt Trigger ; 2000 ps         ; 2000 ps         ;
; ~ALTERA_TCK~        ; 2.5 V Schmitt Trigger ; 2000 ps         ; 2000 ps         ;
; ~ALTERA_TDI~        ; 2.5 V Schmitt Trigger ; 2000 ps         ; 2000 ps         ;
; ~ALTERA_CONFIG_SEL~ ; 2.5 V                 ; 2000 ps         ; 2000 ps         ;
; ~ALTERA_nCONFIG~    ; 2.5 V Schmitt Trigger ; 2000 ps         ; 2000 ps         ;
; ~ALTERA_nSTATUS~    ; 2.5 V Schmitt Trigger ; 2000 ps         ; 2000 ps         ;
; ~ALTERA_CONF_DONE~  ; 2.5 V Schmitt Trigger ; 2000 ps         ; 2000 ps         ;
+---------------------+-----------------------+-----------------+-----------------+


+-------------------------------------------------------------------------------------------------------------------------------------------------------------------------------------------------------------------------------------------------------------------------------------------------------------------------------------------------------------------------------------------------------------------------------------------------------------------------------------------------------------------------------------------------------------------------------------------------------------------------------------------------------------------------------------------+
; Signal Integrity Metrics (Slow 1200mv 0c Model)                                                                                                                                                                                                                                                                                                                                                                                                                                                                                                                                                                                                                                           ;
+--------------+--------------+---------------------+---------------------+------------------------------+------------------------------+---------------------+---------------------+--------------------------------------+--------------------------------------+-----------------------------+-----------------------------+----------------------------+----------------------------+-----------------------------+-----------------------------+--------------------+--------------------+-------------------------------------+-------------------------------------+----------------------------+----------------------------+---------------------------+---------------------------+
; Pin          ; I/O Standard ; Board Delay on Rise ; Board Delay on Fall ; Steady State Voh at FPGA Pin ; Steady State Vol at FPGA Pin ; Voh Max at FPGA Pin ; Vol Min at FPGA Pin ; Ringback Voltage on Rise at FPGA Pin ; Ringback Voltage on Fall at FPGA Pin ; 10-90 Rise Time at FPGA Pin ; 90-10 Fall Time at FPGA Pin ; Monotonic Rise at FPGA Pin ; Monotonic Fall at FPGA Pin ; Steady State Voh at Far-end ; Steady State Vol at Far-end ; Voh Max at Far-end ; Vol Min at Far-end ; Ringback Voltage on Rise at Far-end ; Ringback Voltage on Fall at Far-end ; 10-90 Rise Time at Far-end ; 90-10 Fall Time at Far-end ; Monotonic Rise at Far-end ; Monotonic Fall at Far-end ;
+--------------+--------------+---------------------+---------------------+------------------------------+------------------------------+---------------------+---------------------+--------------------------------------+--------------------------------------+-----------------------------+-----------------------------+----------------------------+----------------------------+-----------------------------+-----------------------------+--------------------+--------------------+-------------------------------------+-------------------------------------+----------------------------+----------------------------+---------------------------+---------------------------+
; salida[7]    ; 3.3-V LVTTL  ; 0 s                 ; 0 s                 ; 3.08 V                       ; 3.73e-08 V                   ; 3.2 V               ; -0.127 V            ; 0.219 V                              ; 0.346 V                              ; 4.45e-10 s                  ; 4.51e-10 s                  ; No                         ; No                         ; 3.08 V                      ; 3.73e-08 V                  ; 3.2 V              ; -0.127 V           ; 0.219 V                             ; 0.346 V                             ; 4.45e-10 s                 ; 4.51e-10 s                 ; No                        ; No                        ;
; salida[6]    ; 3.3-V LVTTL  ; 0 s                 ; 0 s                 ; 3.08 V                       ; 3.73e-08 V                   ; 3.2 V               ; -0.128 V            ; 0.219 V                              ; 0.346 V                              ; 4.45e-10 s                  ; 4.51e-10 s                  ; No                         ; No                         ; 3.08 V                      ; 3.73e-08 V                  ; 3.2 V              ; -0.128 V           ; 0.219 V                             ; 0.346 V                             ; 4.45e-10 s                 ; 4.51e-10 s                 ; No                        ; No                        ;
; salida[5]    ; 3.3-V LVTTL  ; 0 s                 ; 0 s                 ; 3.08 V                       ; 3.73e-08 V                   ; 3.2 V               ; -0.128 V            ; 0.219 V                              ; 0.346 V                              ; 4.45e-10 s                  ; 4.51e-10 s                  ; No                         ; No                         ; 3.08 V                      ; 3.73e-08 V                  ; 3.2 V              ; -0.128 V           ; 0.219 V                             ; 0.346 V                             ; 4.45e-10 s                 ; 4.51e-10 s                 ; No                        ; No                        ;
; salida[4]    ; 3.3-V LVTTL  ; 0 s                 ; 0 s                 ; 3.08 V                       ; 3.73e-08 V                   ; 3.2 V               ; -0.128 V            ; 0.219 V                              ; 0.346 V                              ; 4.45e-10 s                  ; 4.51e-10 s                  ; No                         ; No                         ; 3.08 V                      ; 3.73e-08 V                  ; 3.2 V              ; -0.128 V           ; 0.219 V                             ; 0.346 V                             ; 4.45e-10 s                 ; 4.51e-10 s                 ; No                        ; No                        ;
; salida[3]    ; 3.3-V LVTTL  ; 0 s                 ; 0 s                 ; 3.08 V                       ; 3.73e-08 V                   ; 3.2 V               ; -0.127 V            ; 0.219 V                              ; 0.346 V                              ; 4.45e-10 s                  ; 4.51e-10 s                  ; No                         ; No                         ; 3.08 V                      ; 3.73e-08 V                  ; 3.2 V              ; -0.127 V           ; 0.219 V                             ; 0.346 V                             ; 4.45e-10 s                 ; 4.51e-10 s                 ; No                        ; No                        ;
; salida[2]    ; 3.3-V LVTTL  ; 0 s                 ; 0 s                 ; 3.08 V                       ; 3.73e-08 V                   ; 3.2 V               ; -0.128 V            ; 0.219 V                              ; 0.346 V                              ; 4.45e-10 s                  ; 4.51e-10 s                  ; No                         ; No                         ; 3.08 V                      ; 3.73e-08 V                  ; 3.2 V              ; -0.128 V           ; 0.219 V                             ; 0.346 V                             ; 4.45e-10 s                 ; 4.51e-10 s                 ; No                        ; No                        ;
; salida[1]    ; 3.3-V LVTTL  ; 0 s                 ; 0 s                 ; 3.08 V                       ; 3.73e-08 V                   ; 3.2 V               ; -0.127 V            ; 0.219 V                              ; 0.346 V                              ; 4.45e-10 s                  ; 4.51e-10 s                  ; No                         ; No                         ; 3.08 V                      ; 3.73e-08 V                  ; 3.2 V              ; -0.127 V           ; 0.219 V                             ; 0.346 V                             ; 4.45e-10 s                 ; 4.51e-10 s                 ; No                        ; No                        ;
; salida[0]    ; 3.3-V LVTTL  ; 0 s                 ; 0 s                 ; 3.08 V                       ; 3.73e-08 V                   ; 3.2 V               ; -0.128 V            ; 0.219 V                              ; 0.346 V                              ; 4.45e-10 s                  ; 4.51e-10 s                  ; No                         ; No                         ; 3.08 V                      ; 3.73e-08 V                  ; 3.2 V              ; -0.128 V           ; 0.219 V                             ; 0.346 V                             ; 4.45e-10 s                 ; 4.51e-10 s                 ; No                        ; No                        ;
; ~ALTERA_TDO~ ; 2.5 V        ; 0 s                 ; 0 s                 ; 2.32 V                       ; 1.39e-08 V                   ; 2.39 V              ; -0.0409 V           ; 0.21 V                               ; 0.121 V                              ; 4.7e-10 s                   ; 5.93e-10 s                  ; No                         ; Yes                        ; 2.32 V                      ; 1.39e-08 V                  ; 2.39 V             ; -0.0409 V          ; 0.21 V                              ; 0.121 V                             ; 4.7e-10 s                  ; 5.93e-10 s                 ; No                        ; Yes                       ;
+--------------+--------------+---------------------+---------------------+------------------------------+------------------------------+---------------------+---------------------+--------------------------------------+--------------------------------------+-----------------------------+-----------------------------+----------------------------+----------------------------+-----------------------------+-----------------------------+--------------------+--------------------+-------------------------------------+-------------------------------------+----------------------------+----------------------------+---------------------------+---------------------------+


+-------------------------------------------------------------------------------------------------------------------------------------------------------------------------------------------------------------------------------------------------------------------------------------------------------------------------------------------------------------------------------------------------------------------------------------------------------------------------------------------------------------------------------------------------------------------------------------------------------------------------------------------------------------------------------------------+
; Signal Integrity Metrics (Slow 1200mv 85c Model)                                                                                                                                                                                                                                                                                                                                                                                                                                                                                                                                                                                                                                          ;
+--------------+--------------+---------------------+---------------------+------------------------------+------------------------------+---------------------+---------------------+--------------------------------------+--------------------------------------+-----------------------------+-----------------------------+----------------------------+----------------------------+-----------------------------+-----------------------------+--------------------+--------------------+-------------------------------------+-------------------------------------+----------------------------+----------------------------+---------------------------+---------------------------+
; Pin          ; I/O Standard ; Board Delay on Rise ; Board Delay on Fall ; Steady State Voh at FPGA Pin ; Steady State Vol at FPGA Pin ; Voh Max at FPGA Pin ; Vol Min at FPGA Pin ; Ringback Voltage on Rise at FPGA Pin ; Ringback Voltage on Fall at FPGA Pin ; 10-90 Rise Time at FPGA Pin ; 90-10 Fall Time at FPGA Pin ; Monotonic Rise at FPGA Pin ; Monotonic Fall at FPGA Pin ; Steady State Voh at Far-end ; Steady State Vol at Far-end ; Voh Max at Far-end ; Vol Min at Far-end ; Ringback Voltage on Rise at Far-end ; Ringback Voltage on Fall at Far-end ; 10-90 Rise Time at Far-end ; 90-10 Fall Time at Far-end ; Monotonic Rise at Far-end ; Monotonic Fall at Far-end ;
+--------------+--------------+---------------------+---------------------+------------------------------+------------------------------+---------------------+---------------------+--------------------------------------+--------------------------------------+-----------------------------+-----------------------------+----------------------------+----------------------------+-----------------------------+-----------------------------+--------------------+--------------------+-------------------------------------+-------------------------------------+----------------------------+----------------------------+---------------------------+---------------------------+
; salida[7]    ; 3.3-V LVTTL  ; 0 s                 ; 0 s                 ; 3.08 V                       ; 3.41e-06 V                   ; 3.16 V              ; -0.0688 V           ; 0.26 V                               ; 0.209 V                              ; 4.69e-10 s                  ; 6.21e-10 s                  ; No                         ; No                         ; 3.08 V                      ; 3.41e-06 V                  ; 3.16 V             ; -0.0688 V          ; 0.26 V                              ; 0.209 V                             ; 4.69e-10 s                 ; 6.21e-10 s                 ; No                        ; No                        ;
; salida[6]    ; 3.3-V LVTTL  ; 0 s                 ; 0 s                 ; 3.08 V                       ; 3.41e-06 V                   ; 3.16 V              ; -0.0694 V           ; 0.259 V                              ; 0.209 V                              ; 4.69e-10 s                  ; 6.21e-10 s                  ; No                         ; No                         ; 3.08 V                      ; 3.41e-06 V                  ; 3.16 V             ; -0.0694 V          ; 0.259 V                             ; 0.209 V                             ; 4.69e-10 s                 ; 6.21e-10 s                 ; No                        ; No                        ;
; salida[5]    ; 3.3-V LVTTL  ; 0 s                 ; 0 s                 ; 3.08 V                       ; 3.41e-06 V                   ; 3.16 V              ; -0.0694 V           ; 0.259 V                              ; 0.209 V                              ; 4.69e-10 s                  ; 6.21e-10 s                  ; No                         ; No                         ; 3.08 V                      ; 3.41e-06 V                  ; 3.16 V             ; -0.0694 V          ; 0.259 V                             ; 0.209 V                             ; 4.69e-10 s                 ; 6.21e-10 s                 ; No                        ; No                        ;
; salida[4]    ; 3.3-V LVTTL  ; 0 s                 ; 0 s                 ; 3.08 V                       ; 3.41e-06 V                   ; 3.16 V              ; -0.0694 V           ; 0.259 V                              ; 0.209 V                              ; 4.69e-10 s                  ; 6.21e-10 s                  ; No                         ; No                         ; 3.08 V                      ; 3.41e-06 V                  ; 3.16 V             ; -0.0694 V          ; 0.259 V                             ; 0.209 V                             ; 4.69e-10 s                 ; 6.21e-10 s                 ; No                        ; No                        ;
; salida[3]    ; 3.3-V LVTTL  ; 0 s                 ; 0 s                 ; 3.08 V                       ; 3.41e-06 V                   ; 3.16 V              ; -0.0688 V           ; 0.26 V                               ; 0.209 V                              ; 4.69e-10 s                  ; 6.21e-10 s                  ; No                         ; No                         ; 3.08 V                      ; 3.41e-06 V                  ; 3.16 V             ; -0.0688 V          ; 0.26 V                              ; 0.209 V                             ; 4.69e-10 s                 ; 6.21e-10 s                 ; No                        ; No                        ;
; salida[2]    ; 3.3-V LVTTL  ; 0 s                 ; 0 s                 ; 3.08 V                       ; 3.41e-06 V                   ; 3.16 V              ; -0.0694 V           ; 0.259 V                              ; 0.209 V                              ; 4.69e-10 s                  ; 6.21e-10 s                  ; No                         ; No                         ; 3.08 V                      ; 3.41e-06 V                  ; 3.16 V             ; -0.0694 V          ; 0.259 V                             ; 0.209 V                             ; 4.69e-10 s                 ; 6.21e-10 s                 ; No                        ; No                        ;
; salida[1]    ; 3.3-V LVTTL  ; 0 s                 ; 0 s                 ; 3.08 V                       ; 3.41e-06 V                   ; 3.16 V              ; -0.0688 V           ; 0.26 V                               ; 0.209 V                              ; 4.69e-10 s                  ; 6.21e-10 s                  ; No                         ; No                         ; 3.08 V                      ; 3.41e-06 V                  ; 3.16 V             ; -0.0688 V          ; 0.26 V                              ; 0.209 V                             ; 4.69e-10 s                 ; 6.21e-10 s                 ; No                        ; No                        ;
; salida[0]    ; 3.3-V LVTTL  ; 0 s                 ; 0 s                 ; 3.08 V                       ; 3.41e-06 V                   ; 3.16 V              ; -0.0694 V           ; 0.259 V                              ; 0.209 V                              ; 4.69e-10 s                  ; 6.21e-10 s                  ; No                         ; No                         ; 3.08 V                      ; 3.41e-06 V                  ; 3.16 V             ; -0.0694 V          ; 0.259 V                             ; 0.209 V                             ; 4.69e-10 s                 ; 6.21e-10 s                 ; No                        ; No                        ;
; ~ALTERA_TDO~ ; 2.5 V        ; 0 s                 ; 0 s                 ; 2.32 V                       ; 1.97e-06 V                   ; 2.36 V              ; -0.0173 V           ; 0.144 V                              ; 0.094 V                              ; 6.44e-10 s                  ; 7.2e-10 s                   ; No                         ; Yes                        ; 2.32 V                      ; 1.97e-06 V                  ; 2.36 V             ; -0.0173 V          ; 0.144 V                             ; 0.094 V                             ; 6.44e-10 s                 ; 7.2e-10 s                  ; No                        ; Yes                       ;
+--------------+--------------+---------------------+---------------------+------------------------------+------------------------------+---------------------+---------------------+--------------------------------------+--------------------------------------+-----------------------------+-----------------------------+----------------------------+----------------------------+-----------------------------+-----------------------------+--------------------+--------------------+-------------------------------------+-------------------------------------+----------------------------+----------------------------+---------------------------+---------------------------+


+-------------------------------------------------------------------------------------------------------------------------------------------------------------------------------------------------------------------------------------------------------------------------------------------------------------------------------------------------------------------------------------------------------------------------------------------------------------------------------------------------------------------------------------------------------------------------------------------------------------------------------------------------------------------------------------------+
; Signal Integrity Metrics (Fast 1200mv 0c Model)                                                                                                                                                                                                                                                                                                                                                                                                                                                                                                                                                                                                                                           ;
+--------------+--------------+---------------------+---------------------+------------------------------+------------------------------+---------------------+---------------------+--------------------------------------+--------------------------------------+-----------------------------+-----------------------------+----------------------------+----------------------------+-----------------------------+-----------------------------+--------------------+--------------------+-------------------------------------+-------------------------------------+----------------------------+----------------------------+---------------------------+---------------------------+
; Pin          ; I/O Standard ; Board Delay on Rise ; Board Delay on Fall ; Steady State Voh at FPGA Pin ; Steady State Vol at FPGA Pin ; Voh Max at FPGA Pin ; Vol Min at FPGA Pin ; Ringback Voltage on Rise at FPGA Pin ; Ringback Voltage on Fall at FPGA Pin ; 10-90 Rise Time at FPGA Pin ; 90-10 Fall Time at FPGA Pin ; Monotonic Rise at FPGA Pin ; Monotonic Fall at FPGA Pin ; Steady State Voh at Far-end ; Steady State Vol at Far-end ; Voh Max at Far-end ; Vol Min at Far-end ; Ringback Voltage on Rise at Far-end ; Ringback Voltage on Fall at Far-end ; 10-90 Rise Time at Far-end ; 90-10 Fall Time at Far-end ; Monotonic Rise at Far-end ; Monotonic Fall at Far-end ;
+--------------+--------------+---------------------+---------------------+------------------------------+------------------------------+---------------------+---------------------+--------------------------------------+--------------------------------------+-----------------------------+-----------------------------+----------------------------+----------------------------+-----------------------------+-----------------------------+--------------------+--------------------+-------------------------------------+-------------------------------------+----------------------------+----------------------------+---------------------------+---------------------------+
; salida[7]    ; 3.3-V LVTTL  ; 0 s                 ; 0 s                 ; 3.46 V                       ; 5.04e-07 V                   ; 3.64 V              ; -0.0201 V           ; 0.391 V                              ; 0.088 V                              ; 2.79e-10 s                  ; 3.95e-10 s                  ; No                         ; Yes                        ; 3.46 V                      ; 5.04e-07 V                  ; 3.64 V             ; -0.0201 V          ; 0.391 V                             ; 0.088 V                             ; 2.79e-10 s                 ; 3.95e-10 s                 ; No                        ; Yes                       ;
; salida[6]    ; 3.3-V LVTTL  ; 0 s                 ; 0 s                 ; 3.46 V                       ; 5.04e-07 V                   ; 3.65 V              ; -0.0209 V           ; 0.391 V                              ; 0.09 V                               ; 2.79e-10 s                  ; 3.95e-10 s                  ; No                         ; Yes                        ; 3.46 V                      ; 5.04e-07 V                  ; 3.65 V             ; -0.0209 V          ; 0.391 V                             ; 0.09 V                              ; 2.79e-10 s                 ; 3.95e-10 s                 ; No                        ; Yes                       ;
; salida[5]    ; 3.3-V LVTTL  ; 0 s                 ; 0 s                 ; 3.46 V                       ; 5.04e-07 V                   ; 3.65 V              ; -0.0209 V           ; 0.391 V                              ; 0.09 V                               ; 2.79e-10 s                  ; 3.95e-10 s                  ; No                         ; Yes                        ; 3.46 V                      ; 5.04e-07 V                  ; 3.65 V             ; -0.0209 V          ; 0.391 V                             ; 0.09 V                              ; 2.79e-10 s                 ; 3.95e-10 s                 ; No                        ; Yes                       ;
; salida[4]    ; 3.3-V LVTTL  ; 0 s                 ; 0 s                 ; 3.46 V                       ; 5.04e-07 V                   ; 3.65 V              ; -0.0209 V           ; 0.391 V                              ; 0.09 V                               ; 2.79e-10 s                  ; 3.95e-10 s                  ; No                         ; Yes                        ; 3.46 V                      ; 5.04e-07 V                  ; 3.65 V             ; -0.0209 V          ; 0.391 V                             ; 0.09 V                              ; 2.79e-10 s                 ; 3.95e-10 s                 ; No                        ; Yes                       ;
; salida[3]    ; 3.3-V LVTTL  ; 0 s                 ; 0 s                 ; 3.46 V                       ; 5.04e-07 V                   ; 3.64 V              ; -0.0201 V           ; 0.391 V                              ; 0.088 V                              ; 2.79e-10 s                  ; 3.95e-10 s                  ; No                         ; Yes                        ; 3.46 V                      ; 5.04e-07 V                  ; 3.64 V             ; -0.0201 V          ; 0.391 V                             ; 0.088 V                             ; 2.79e-10 s                 ; 3.95e-10 s                 ; No                        ; Yes                       ;
; salida[2]    ; 3.3-V LVTTL  ; 0 s                 ; 0 s                 ; 3.46 V                       ; 5.04e-07 V                   ; 3.65 V              ; -0.0209 V           ; 0.391 V                              ; 0.09 V                               ; 2.79e-10 s                  ; 3.95e-10 s                  ; No                         ; Yes                        ; 3.46 V                      ; 5.04e-07 V                  ; 3.65 V             ; -0.0209 V          ; 0.391 V                             ; 0.09 V                              ; 2.79e-10 s                 ; 3.95e-10 s                 ; No                        ; Yes                       ;
; salida[1]    ; 3.3-V LVTTL  ; 0 s                 ; 0 s                 ; 3.46 V                       ; 5.04e-07 V                   ; 3.64 V              ; -0.0201 V           ; 0.391 V                              ; 0.088 V                              ; 2.79e-10 s                  ; 3.95e-10 s                  ; No                         ; Yes                        ; 3.46 V                      ; 5.04e-07 V                  ; 3.64 V             ; -0.0201 V          ; 0.391 V                             ; 0.088 V                             ; 2.79e-10 s                 ; 3.95e-10 s                 ; No                        ; Yes                       ;
; salida[0]    ; 3.3-V LVTTL  ; 0 s                 ; 0 s                 ; 3.46 V                       ; 5.04e-07 V                   ; 3.65 V              ; -0.0209 V           ; 0.391 V                              ; 0.09 V                               ; 2.79e-10 s                  ; 3.95e-10 s                  ; No                         ; Yes                        ; 3.46 V                      ; 5.04e-07 V                  ; 3.65 V             ; -0.0209 V          ; 0.391 V                             ; 0.09 V                              ; 2.79e-10 s                 ; 3.95e-10 s                 ; No                        ; Yes                       ;
; ~ALTERA_TDO~ ; 2.5 V        ; 0 s                 ; 0 s                 ; 2.62 V                       ; 1.68e-07 V                   ; 2.73 V              ; -0.0395 V           ; 0.361 V                              ; 0.109 V                              ; 3.1e-10 s                   ; 4.41e-10 s                  ; No                         ; Yes                        ; 2.62 V                      ; 1.68e-07 V                  ; 2.73 V             ; -0.0395 V          ; 0.361 V                             ; 0.109 V                             ; 3.1e-10 s                  ; 4.41e-10 s                 ; No                        ; Yes                       ;
+--------------+--------------+---------------------+---------------------+------------------------------+------------------------------+---------------------+---------------------+--------------------------------------+--------------------------------------+-----------------------------+-----------------------------+----------------------------+----------------------------+-----------------------------+-----------------------------+--------------------+--------------------+-------------------------------------+-------------------------------------+----------------------------+----------------------------+---------------------------+---------------------------+


+-------------------------------------------------------------------------------------------------------------------------------------------+
; Setup Transfers                                                                                                                           ;
+-----------------------------------------------+-----------------------------------------------+----------+----------+----------+----------+
; From Clock                                    ; To Clock                                      ; RR Paths ; FR Paths ; RF Paths ; FF Paths ;
+-----------------------------------------------+-----------------------------------------------+----------+----------+----------+----------+
; clk                                           ; clk                                           ; 675      ; 0        ; 0        ; 0        ;
; divisor:inst2|div                             ; clk                                           ; 1        ; 1        ; 0        ; 0        ;
; divisor:inst2|div                             ; divisor:inst2|div                             ; 644794   ; 0        ; 0        ; 0        ;
; registro_direccion:inst8|valor_interno[0]     ; divisor:inst2|div                             ; 11772    ; 11772    ; 0        ; 0        ;
; secuenciador:secueciador|registro_sec:inst|CC ; divisor:inst2|div                             ; 24078    ; 0        ; 0        ; 0        ;
; secuenciador:secueciador|registro_sec:inst|CH ; divisor:inst2|div                             ; 24060    ; 0        ; 0        ; 0        ;
; secuenciador:secueciador|registro_sec:inst|CZ ; divisor:inst2|div                             ; 24060    ; 0        ; 0        ; 0        ;
; divisor:inst2|div                             ; registro_direccion:inst8|valor_interno[0]     ; 299640   ; 0        ; 299640   ; 0        ;
; registro_direccion:inst8|valor_interno[0]     ; registro_direccion:inst8|valor_interno[0]     ; 143880   ; 143880   ; 143880   ; 143880   ;
; divisor:inst2|div                             ; secuenciador:secueciador|registro_sec:inst|CC ; 1        ; 0        ; 0        ; 0        ;
; divisor:inst2|div                             ; secuenciador:secueciador|registro_sec:inst|CH ; 1        ; 0        ; 0        ; 0        ;
; divisor:inst2|div                             ; secuenciador:secueciador|registro_sec:inst|CZ ; 20       ; 0        ; 0        ; 0        ;
+-----------------------------------------------+-----------------------------------------------+----------+----------+----------+----------+
Entries labeled "false path" only account for clock-to-clock false paths and not path-based false paths. As a result, actual path counts may be lower than reported.


+-------------------------------------------------------------------------------------------------------------------------------------------+
; Hold Transfers                                                                                                                            ;
+-----------------------------------------------+-----------------------------------------------+----------+----------+----------+----------+
; From Clock                                    ; To Clock                                      ; RR Paths ; FR Paths ; RF Paths ; FF Paths ;
+-----------------------------------------------+-----------------------------------------------+----------+----------+----------+----------+
; clk                                           ; clk                                           ; 675      ; 0        ; 0        ; 0        ;
; divisor:inst2|div                             ; clk                                           ; 1        ; 1        ; 0        ; 0        ;
; divisor:inst2|div                             ; divisor:inst2|div                             ; 644794   ; 0        ; 0        ; 0        ;
; registro_direccion:inst8|valor_interno[0]     ; divisor:inst2|div                             ; 11772    ; 11772    ; 0        ; 0        ;
; secuenciador:secueciador|registro_sec:inst|CC ; divisor:inst2|div                             ; 24078    ; 0        ; 0        ; 0        ;
; secuenciador:secueciador|registro_sec:inst|CH ; divisor:inst2|div                             ; 24060    ; 0        ; 0        ; 0        ;
; secuenciador:secueciador|registro_sec:inst|CZ ; divisor:inst2|div                             ; 24060    ; 0        ; 0        ; 0        ;
; divisor:inst2|div                             ; registro_direccion:inst8|valor_interno[0]     ; 299640   ; 0        ; 299640   ; 0        ;
; registro_direccion:inst8|valor_interno[0]     ; registro_direccion:inst8|valor_interno[0]     ; 143880   ; 143880   ; 143880   ; 143880   ;
; divisor:inst2|div                             ; secuenciador:secueciador|registro_sec:inst|CC ; 1        ; 0        ; 0        ; 0        ;
; divisor:inst2|div                             ; secuenciador:secueciador|registro_sec:inst|CH ; 1        ; 0        ; 0        ; 0        ;
; divisor:inst2|div                             ; secuenciador:secueciador|registro_sec:inst|CZ ; 20       ; 0        ; 0        ; 0        ;
+-----------------------------------------------+-----------------------------------------------+----------+----------+----------+----------+
Entries labeled "false path" only account for clock-to-clock false paths and not path-based false paths. As a result, actual path counts may be lower than reported.


---------------
; Report TCCS ;
---------------
No dedicated SERDES Transmitter circuitry present in device or used in design


---------------
; Report RSKM ;
---------------
No non-DPA dedicated SERDES Receiver circuitry present in device or used in design


+------------------------------------------------+
; Unconstrained Paths Summary                    ;
+---------------------------------+-------+------+
; Property                        ; Setup ; Hold ;
+---------------------------------+-------+------+
; Illegal Clocks                  ; 0     ; 0    ;
; Unconstrained Clocks            ; 0     ; 0    ;
; Unconstrained Input Ports       ; 3     ; 3    ;
; Unconstrained Input Port Paths  ; 118   ; 118  ;
; Unconstrained Output Ports      ; 8     ; 8    ;
; Unconstrained Output Port Paths ; 48    ; 48   ;
+---------------------------------+-------+------+


+--------------------------------------------------------------------------------------------------------------------+
; Clock Status Summary                                                                                               ;
+-----------------------------------------------+-----------------------------------------------+------+-------------+
; Target                                        ; Clock                                         ; Type ; Status      ;
+-----------------------------------------------+-----------------------------------------------+------+-------------+
; clk                                           ; clk                                           ; Base ; Constrained ;
; divisor:inst2|div                             ; divisor:inst2|div                             ; Base ; Constrained ;
; registro_direccion:inst8|valor_interno[0]     ; registro_direccion:inst8|valor_interno[0]     ; Base ; Constrained ;
; secuenciador:secueciador|registro_sec:inst|CC ; secuenciador:secueciador|registro_sec:inst|CC ; Base ; Constrained ;
; secuenciador:secueciador|registro_sec:inst|CH ; secuenciador:secueciador|registro_sec:inst|CH ; Base ; Constrained ;
; secuenciador:secueciador|registro_sec:inst|CZ ; secuenciador:secueciador|registro_sec:inst|CZ ; Base ; Constrained ;
+-----------------------------------------------+-----------------------------------------------+------+-------------+


+---------------------------------------------------------------------------------------------------+
; Unconstrained Input Ports                                                                         ;
+------------+--------------------------------------------------------------------------------------+
; Input Port ; Comment                                                                              ;
+------------+--------------------------------------------------------------------------------------+
; rst        ; No input delay, min/max delays, false-path exceptions, or max skew assignments found ;
; sw[0]      ; No input delay, min/max delays, false-path exceptions, or max skew assignments found ;
; sw[1]      ; No input delay, min/max delays, false-path exceptions, or max skew assignments found ;
+------------+--------------------------------------------------------------------------------------+


+-----------------------------------------------------------------------------------------------------+
; Unconstrained Output Ports                                                                          ;
+-------------+---------------------------------------------------------------------------------------+
; Output Port ; Comment                                                                               ;
+-------------+---------------------------------------------------------------------------------------+
; salida[0]   ; No output delay, min/max delays, false-path exceptions, or max skew assignments found ;
; salida[1]   ; No output delay, min/max delays, false-path exceptions, or max skew assignments found ;
; salida[2]   ; No output delay, min/max delays, false-path exceptions, or max skew assignments found ;
; salida[3]   ; No output delay, min/max delays, false-path exceptions, or max skew assignments found ;
; salida[4]   ; No output delay, min/max delays, false-path exceptions, or max skew assignments found ;
; salida[5]   ; No output delay, min/max delays, false-path exceptions, or max skew assignments found ;
; salida[6]   ; No output delay, min/max delays, false-path exceptions, or max skew assignments found ;
; salida[7]   ; No output delay, min/max delays, false-path exceptions, or max skew assignments found ;
+-------------+---------------------------------------------------------------------------------------+


+---------------------------------------------------------------------------------------------------+
; Unconstrained Input Ports                                                                         ;
+------------+--------------------------------------------------------------------------------------+
; Input Port ; Comment                                                                              ;
+------------+--------------------------------------------------------------------------------------+
; rst        ; No input delay, min/max delays, false-path exceptions, or max skew assignments found ;
; sw[0]      ; No input delay, min/max delays, false-path exceptions, or max skew assignments found ;
; sw[1]      ; No input delay, min/max delays, false-path exceptions, or max skew assignments found ;
+------------+--------------------------------------------------------------------------------------+


+-----------------------------------------------------------------------------------------------------+
; Unconstrained Output Ports                                                                          ;
+-------------+---------------------------------------------------------------------------------------+
; Output Port ; Comment                                                                               ;
+-------------+---------------------------------------------------------------------------------------+
; salida[0]   ; No output delay, min/max delays, false-path exceptions, or max skew assignments found ;
; salida[1]   ; No output delay, min/max delays, false-path exceptions, or max skew assignments found ;
; salida[2]   ; No output delay, min/max delays, false-path exceptions, or max skew assignments found ;
; salida[3]   ; No output delay, min/max delays, false-path exceptions, or max skew assignments found ;
; salida[4]   ; No output delay, min/max delays, false-path exceptions, or max skew assignments found ;
; salida[5]   ; No output delay, min/max delays, false-path exceptions, or max skew assignments found ;
; salida[6]   ; No output delay, min/max delays, false-path exceptions, or max skew assignments found ;
; salida[7]   ; No output delay, min/max delays, false-path exceptions, or max skew assignments found ;
+-------------+---------------------------------------------------------------------------------------+


+------------------------------------+
; TimeQuest Timing Analyzer Messages ;
+------------------------------------+
Info: *******************************************************************
Info: Running Quartus Prime TimeQuest Timing Analyzer
    Info: Version 17.1.0 Build 590 10/25/2017 SJ Lite Edition
    Info: Processing started: Fri Nov 01 23:09:41 2019
Info: Command: quartus_sta practica7 -c practica7
Info: qsta_default_script.tcl version: #3
Warning (18236): Number of processors has not been specified which may cause overloading on shared machines.  Set the global assignment NUM_PARALLEL_PROCESSORS in your QSF to an appropriate value for best performance.
Info (20030): Parallel compilation is enabled and will use 4 of the 4 processors detected
Info (21077): Low junction temperature is 0 degrees C
Info (21077): High junction temperature is 85 degrees C
Warning (335093): TimeQuest Timing Analyzer is analyzing 1760 combinational loops as latches. For more details, run the Check Timing command in the TimeQuest Timing Analyzer or view the "User-Specified and Inferred Latches" table in the Analysis & Synthesis report.
Critical Warning (332012): Synopsys Design Constraints File file not found: 'practica7.sdc'. A Synopsys Design Constraints File is required by the TimeQuest Timing Analyzer to get proper timing constraints. Without it, the Compiler will not properly optimize the design.
Info (332142): No user constrained base clocks found in the design. Calling "derive_clocks -period 1.0"
Info (332105): Deriving Clocks
    Info (332105): create_clock -period 1.000 -name divisor:inst2|div divisor:inst2|div
    Info (332105): create_clock -period 1.000 -name clk clk
    Info (332105): create_clock -period 1.000 -name secuenciador:secueciador|registro_sec:inst|CC secuenciador:secueciador|registro_sec:inst|CC
    Info (332105): create_clock -period 1.000 -name registro_direccion:inst8|valor_interno[0] registro_direccion:inst8|valor_interno[0]
    Info (332105): create_clock -period 1.000 -name secuenciador:secueciador|registro_sec:inst|CZ secuenciador:secueciador|registro_sec:inst|CZ
    Info (332105): create_clock -period 1.000 -name secuenciador:secueciador|registro_sec:inst|CH secuenciador:secueciador|registro_sec:inst|CH
Warning (332125): Found combinational loop of 20 nodes File: C:/Users/angel/Documents/9no Semestre/oac/practicas/p7/UPA/upa.vhd Line: 25
    Warning (332126): Node "inst17|Yupa[5]~33|combout"
    Warning (332126): Node "Buffer-Alta|PortR[5]~14|datad"
    Warning (332126): Node "Buffer-Alta|PortR[5]~14|combout"
    Warning (332126): Node "Buffer-Alta|PortR[5]~15|datad"
    Warning (332126): Node "Buffer-Alta|PortR[5]~15|combout"
    Warning (332126): Node "inst17|Yupa2[5]~12|datab"
    Warning (332126): Node "inst17|Yupa2[5]~12|combout"
    Warning (332126): Node "inst17|Yupa2[5]~13|datab"
    Warning (332126): Node "inst17|Yupa2[5]~13|combout"
    Warning (332126): Node "Buffer-Alta|PortR[5]~14|datac"
    Warning (332126): Node "inst3|data_out[5]~484|datab"
    Warning (332126): Node "inst3|data_out[5]~484|combout"
    Warning (332126): Node "inst3|data_out[5]~527|datad"
    Warning (332126): Node "inst3|data_out[5]~527|combout"
    Warning (332126): Node "inst3|data[5]~2|datad"
    Warning (332126): Node "inst3|data[5]~2|combout"
    Warning (332126): Node "Buffer-Alta|PortR[5]~15|datac"
    Warning (332126): Node "inst17|Yupa[5]~14|datad"
    Warning (332126): Node "inst17|Yupa[5]~14|combout"
    Warning (332126): Node "inst17|Yupa[5]~33|dataa"
Warning (332125): Found combinational loop of 18 nodes File: C:/Users/angel/Documents/9no Semestre/oac/practicas/p7/UPA/upa.vhd Line: 25
    Warning (332126): Node "inst17|Yupa[4]~17|combout"
    Warning (332126): Node "inst17|Yupa[4]~34|datad"
    Warning (332126): Node "inst17|Yupa[4]~34|combout"
    Warning (332126): Node "Buffer-Alta|PortR[4]~16|datac"
    Warning (332126): Node "Buffer-Alta|PortR[4]~16|combout"
    Warning (332126): Node "Buffer-Alta|PortR[4]~17|datac"
    Warning (332126): Node "Buffer-Alta|PortR[4]~17|combout"
    Warning (332126): Node "inst17|Yupa[4]~17|dataa"
    Warning (332126): Node "inst3|data_out[4]~676|datac"
    Warning (332126): Node "inst3|data_out[4]~676|combout"
    Warning (332126): Node "inst3|data[4]~3|datab"
    Warning (332126): Node "inst3|data[4]~3|combout"
    Warning (332126): Node "Buffer-Alta|PortR[4]~17|datad"
    Warning (332126): Node "inst17|Yupa2[4]~16|dataa"
    Warning (332126): Node "inst17|Yupa2[4]~16|combout"
    Warning (332126): Node "inst17|Yupa2[4]~17|datad"
    Warning (332126): Node "inst17|Yupa2[4]~17|combout"
    Warning (332126): Node "Buffer-Alta|PortR[4]~16|datad"
Warning (332125): Found combinational loop of 20 nodes File: C:/Users/angel/Documents/9no Semestre/oac/practicas/p7/UPA/upa.vhd Line: 25
    Warning (332126): Node "inst17|Yupa[1]~27|combout"
    Warning (332126): Node "Buffer-Alta|PortR[1]~22|datac"
    Warning (332126): Node "Buffer-Alta|PortR[1]~22|combout"
    Warning (332126): Node "Buffer-Alta|PortR[1]~23|datac"
    Warning (332126): Node "Buffer-Alta|PortR[1]~23|combout"
    Warning (332126): Node "inst17|Yupa[1]~26|dataa"
    Warning (332126): Node "inst17|Yupa[1]~26|combout"
    Warning (332126): Node "inst17|Yupa[1]~27|datac"
    Warning (332126): Node "inst3|data_out[1]~1079|datab"
    Warning (332126): Node "inst3|data_out[1]~1079|combout"
    Warning (332126): Node "inst3|data_out[1]~1122|datad"
    Warning (332126): Node "inst3|data_out[1]~1122|combout"
    Warning (332126): Node "inst3|data[1]~6|datac"
    Warning (332126): Node "inst3|data[1]~6|combout"
    Warning (332126): Node "Buffer-Alta|PortR[1]~23|datad"
    Warning (332126): Node "inst17|Yupa2[1]~28|datad"
    Warning (332126): Node "inst17|Yupa2[1]~28|combout"
    Warning (332126): Node "inst17|Yupa2[1]~29|dataa"
    Warning (332126): Node "inst17|Yupa2[1]~29|combout"
    Warning (332126): Node "Buffer-Alta|PortR[1]~22|datad"
Warning (332125): Found combinational loop of 20 nodes File: C:/Users/angel/Documents/9no Semestre/oac/practicas/p7/UPA/upa.vhd Line: 25
    Warning (332126): Node "inst17|Yupa[3]~35|combout"
    Warning (332126): Node "Buffer-Alta|PortR[3]~18|datac"
    Warning (332126): Node "Buffer-Alta|PortR[3]~18|combout"
    Warning (332126): Node "Buffer-Alta|PortR[3]~19|datad"
    Warning (332126): Node "Buffer-Alta|PortR[3]~19|combout"
    Warning (332126): Node "inst3|data_out[3]~781|datad"
    Warning (332126): Node "inst3|data_out[3]~781|combout"
    Warning (332126): Node "inst3|data_out[3]~824|datad"
    Warning (332126): Node "inst3|data_out[3]~824|combout"
    Warning (332126): Node "inst3|data[3]~4|datad"
    Warning (332126): Node "inst3|data[3]~4|combout"
    Warning (332126): Node "Buffer-Alta|PortR[3]~19|datac"
    Warning (332126): Node "inst17|Yupa2[3]~20|dataa"
    Warning (332126): Node "inst17|Yupa2[3]~20|combout"
    Warning (332126): Node "inst17|Yupa2[3]~21|datad"
    Warning (332126): Node "inst17|Yupa2[3]~21|combout"
    Warning (332126): Node "Buffer-Alta|PortR[3]~18|datad"
    Warning (332126): Node "inst17|Yupa[3]~20|datac"
    Warning (332126): Node "inst17|Yupa[3]~20|combout"
    Warning (332126): Node "inst17|Yupa[3]~35|datad"
Warning (332125): Found combinational loop of 18 nodes File: C:/Users/angel/Documents/9no Semestre/oac/practicas/p7/UPA/upa.vhd Line: 25
    Warning (332126): Node "inst17|Yupa[6]~32|combout"
    Warning (332126): Node "Buffer-Alta|PortR[6]~12|datac"
    Warning (332126): Node "Buffer-Alta|PortR[6]~12|combout"
    Warning (332126): Node "Buffer-Alta|PortR[6]~13|datad"
    Warning (332126): Node "Buffer-Alta|PortR[6]~13|combout"
    Warning (332126): Node "inst17|Yupa[6]~11|datac"
    Warning (332126): Node "inst17|Yupa[6]~11|combout"
    Warning (332126): Node "inst17|Yupa[6]~32|datad"
    Warning (332126): Node "inst3|data_out[6]~379|datac"
    Warning (332126): Node "inst3|data_out[6]~379|combout"
    Warning (332126): Node "inst3|data[6]~1|datad"
    Warning (332126): Node "inst3|data[6]~1|combout"
    Warning (332126): Node "Buffer-Alta|PortR[6]~13|datac"
    Warning (332126): Node "inst17|Yupa2[6]~8|dataa"
    Warning (332126): Node "inst17|Yupa2[6]~8|combout"
    Warning (332126): Node "inst17|Yupa2[6]~9|datad"
    Warning (332126): Node "inst17|Yupa2[6]~9|combout"
    Warning (332126): Node "Buffer-Alta|PortR[6]~12|datad"
Warning (332125): Found combinational loop of 18 nodes File: C:/Users/angel/Documents/9no Semestre/oac/practicas/p7/UPA/upa.vhd Line: 25
    Warning (332126): Node "inst17|Yupa[2]~36|combout"
    Warning (332126): Node "Buffer-Alta|PortR[2]~20|datab"
    Warning (332126): Node "Buffer-Alta|PortR[2]~20|combout"
    Warning (332126): Node "Buffer-Alta|PortR[2]~21|datad"
    Warning (332126): Node "Buffer-Alta|PortR[2]~21|combout"
    Warning (332126): Node "inst3|data_out[2]~973|datab"
    Warning (332126): Node "inst3|data_out[2]~973|combout"
    Warning (332126): Node "inst3|data[2]~5|datad"
    Warning (332126): Node "inst3|data[2]~5|combout"
    Warning (332126): Node "Buffer-Alta|PortR[2]~21|datab"
    Warning (332126): Node "inst17|Yupa2[2]~24|datac"
    Warning (332126): Node "inst17|Yupa2[2]~24|combout"
    Warning (332126): Node "inst17|Yupa2[2]~25|datab"
    Warning (332126): Node "inst17|Yupa2[2]~25|combout"
    Warning (332126): Node "Buffer-Alta|PortR[2]~20|datad"
    Warning (332126): Node "inst17|Yupa[2]~23|datad"
    Warning (332126): Node "inst17|Yupa[2]~23|combout"
    Warning (332126): Node "inst17|Yupa[2]~36|datad"
Warning (332125): Found combinational loop of 18 nodes File: C:/Users/angel/Documents/9no Semestre/oac/practicas/p7/UPA/upa.vhd Line: 25
    Warning (332126): Node "inst17|Yupa[0]~37|combout"
    Warning (332126): Node "Buffer-Alta|PortR[0]~24|datad"
    Warning (332126): Node "Buffer-Alta|PortR[0]~24|combout"
    Warning (332126): Node "Buffer-Alta|PortR[0]~25|datad"
    Warning (332126): Node "Buffer-Alta|PortR[0]~25|combout"
    Warning (332126): Node "inst17|Yupa[0]~30|dataa"
    Warning (332126): Node "inst17|Yupa[0]~30|combout"
    Warning (332126): Node "inst17|Yupa[0]~37|dataa"
    Warning (332126): Node "inst3|data_out[0]~1268|datab"
    Warning (332126): Node "inst3|data_out[0]~1268|combout"
    Warning (332126): Node "inst3|data[0]~7|datac"
    Warning (332126): Node "inst3|data[0]~7|combout"
    Warning (332126): Node "Buffer-Alta|PortR[0]~25|datac"
    Warning (332126): Node "inst17|Yupa2[0]~32|datad"
    Warning (332126): Node "inst17|Yupa2[0]~32|combout"
    Warning (332126): Node "inst17|Yupa2[0]~33|datad"
    Warning (332126): Node "inst17|Yupa2[0]~33|combout"
    Warning (332126): Node "Buffer-Alta|PortR[0]~24|datac"
Warning (332125): Found combinational loop of 20 nodes File: C:/Users/angel/Documents/9no Semestre/oac/practicas/p7/UPA/upa.vhd Line: 26
    Warning (332126): Node "inst17|Yupa2[7]~5|combout"
    Warning (332126): Node "Buffer-Alta|PortR[7]~10|datac"
    Warning (332126): Node "Buffer-Alta|PortR[7]~10|combout"
    Warning (332126): Node "Buffer-Alta|PortR[7]~11|datad"
    Warning (332126): Node "Buffer-Alta|PortR[7]~11|combout"
    Warning (332126): Node "inst17|Yupa[7]~8|dataa"
    Warning (332126): Node "inst17|Yupa[7]~8|combout"
    Warning (332126): Node "inst17|Yupa[7]~31|dataa"
    Warning (332126): Node "inst17|Yupa[7]~31|combout"
    Warning (332126): Node "Buffer-Alta|PortR[7]~10|datad"
    Warning (332126): Node "inst3|data_out[7]~187|datad"
    Warning (332126): Node "inst3|data_out[7]~187|combout"
    Warning (332126): Node "inst3|data_out[7]~230|datad"
    Warning (332126): Node "inst3|data_out[7]~230|combout"
    Warning (332126): Node "inst3|data[7]~0|datad"
    Warning (332126): Node "inst3|data[7]~0|combout"
    Warning (332126): Node "Buffer-Alta|PortR[7]~11|datac"
    Warning (332126): Node "inst17|Yupa2[7]~2|datad"
    Warning (332126): Node "inst17|Yupa2[7]~2|combout"
    Warning (332126): Node "inst17|Yupa2[7]~5|datab"
Info (332143): No user constrained clock uncertainty found in the design. Calling "derive_clock_uncertainty"
Info (332123): Deriving Clock Uncertainty. Please refer to report_sdc in TimeQuest to see clock uncertainties.
Info: Found TIMEQUEST_REPORT_SCRIPT_INCLUDE_DEFAULT_ANALYSIS = ON
Info: Analyzing Slow 1200mV 85C Model
Info: Can't run Report Timing Closure Recommendations. The current device family is not supported.
Critical Warning (332148): Timing requirements not met
Info (332146): Worst-case setup slack is -17.696
    Info (332119):     Slack       End Point TNS Clock 
    Info (332119): ========= =================== =====================
    Info (332119):   -17.696          -25391.178 registro_direccion:inst8|valor_interno[0] 
    Info (332119):   -17.039           -1582.251 divisor:inst2|div 
    Info (332119):    -5.664              -5.664 secuenciador:secueciador|registro_sec:inst|CZ 
    Info (332119):    -4.041              -4.041 secuenciador:secueciador|registro_sec:inst|CH 
    Info (332119):    -3.978              -3.978 secuenciador:secueciador|registro_sec:inst|CC 
    Info (332119):    -2.552             -47.254 clk 
Info (332146): Worst-case hold slack is -1.824
    Info (332119):     Slack       End Point TNS Clock 
    Info (332119): ========= =================== =====================
    Info (332119):    -1.824             -30.290 registro_direccion:inst8|valor_interno[0] 
    Info (332119):    -0.696              -2.003 divisor:inst2|div 
    Info (332119):    -0.082              -0.082 clk 
    Info (332119):     4.477               0.000 secuenciador:secueciador|registro_sec:inst|CC 
    Info (332119):     4.502               0.000 secuenciador:secueciador|registro_sec:inst|CZ 
    Info (332119):     4.534               0.000 secuenciador:secueciador|registro_sec:inst|CH 
Info (332140): No Recovery paths to report
Info (332140): No Removal paths to report
Info (332146): Worst-case minimum pulse width slack is -3.000
    Info (332119):     Slack       End Point TNS Clock 
    Info (332119): ========= =================== =====================
    Info (332119):    -3.000             -39.478 clk 
    Info (332119):    -1.403            -176.778 divisor:inst2|div 
    Info (332119):    -1.403              -1.403 secuenciador:secueciador|registro_sec:inst|CC 
    Info (332119):    -1.403              -1.403 secuenciador:secueciador|registro_sec:inst|CH 
    Info (332119):    -1.403              -1.403 secuenciador:secueciador|registro_sec:inst|CZ 
    Info (332119):     0.271               0.000 registro_direccion:inst8|valor_interno[0] 
Info: Analyzing Slow 1200mV 0C Model
Info (334003): Started post-fitting delay annotation
Info (334004): Delay annotation completed successfully
Info (332123): Deriving Clock Uncertainty. Please refer to report_sdc in TimeQuest to see clock uncertainties.
Critical Warning (332148): Timing requirements not met
Info (332146): Worst-case setup slack is -16.443
    Info (332119):     Slack       End Point TNS Clock 
    Info (332119): ========= =================== =====================
    Info (332119):   -16.443          -23579.288 registro_direccion:inst8|valor_interno[0] 
    Info (332119):   -15.645           -1457.318 divisor:inst2|div 
    Info (332119):    -5.126              -5.126 secuenciador:secueciador|registro_sec:inst|CZ 
    Info (332119):    -3.641              -3.641 secuenciador:secueciador|registro_sec:inst|CH 
    Info (332119):    -3.591              -3.591 secuenciador:secueciador|registro_sec:inst|CC 
    Info (332119):    -2.283             -40.660 clk 
Info (332146): Worst-case hold slack is -1.584
    Info (332119):     Slack       End Point TNS Clock 
    Info (332119): ========= =================== =====================
    Info (332119):    -1.584             -22.687 registro_direccion:inst8|valor_interno[0] 
    Info (332119):    -0.645              -2.124 divisor:inst2|div 
    Info (332119):    -0.003              -0.003 clk 
    Info (332119):     4.099               0.000 secuenciador:secueciador|registro_sec:inst|CC 
    Info (332119):     4.135               0.000 secuenciador:secueciador|registro_sec:inst|CZ 
    Info (332119):     4.162               0.000 secuenciador:secueciador|registro_sec:inst|CH 
Info (332140): No Recovery paths to report
Info (332140): No Removal paths to report
Info (332146): Worst-case minimum pulse width slack is -3.000
    Info (332119):     Slack       End Point TNS Clock 
    Info (332119): ========= =================== =====================
    Info (332119):    -3.000             -39.478 clk 
    Info (332119):    -1.403            -176.778 divisor:inst2|div 
    Info (332119):    -1.403              -1.403 secuenciador:secueciador|registro_sec:inst|CC 
    Info (332119):    -1.403              -1.403 secuenciador:secueciador|registro_sec:inst|CH 
    Info (332119):    -1.403              -1.403 secuenciador:secueciador|registro_sec:inst|CZ 
    Info (332119):     0.095               0.000 registro_direccion:inst8|valor_interno[0] 
Info: Analyzing Fast 1200mV 0C Model
Info (332123): Deriving Clock Uncertainty. Please refer to report_sdc in TimeQuest to see clock uncertainties.
Critical Warning (332148): Timing requirements not met
Info (332146): Worst-case setup slack is -7.776
    Info (332119):     Slack       End Point TNS Clock 
    Info (332119): ========= =================== =====================
    Info (332119):    -7.776          -10856.460 registro_direccion:inst8|valor_interno[0] 
    Info (332119):    -7.336            -649.254 divisor:inst2|div 
    Info (332119):    -2.087              -2.087 secuenciador:secueciador|registro_sec:inst|CZ 
    Info (332119):    -1.406              -1.406 secuenciador:secueciador|registro_sec:inst|CH 
    Info (332119):    -1.357              -1.357 secuenciador:secueciador|registro_sec:inst|CC 
    Info (332119):    -0.517              -5.562 clk 
Info (332146): Worst-case hold slack is -1.238
    Info (332119):     Slack       End Point TNS Clock 
    Info (332119): ========= =================== =====================
    Info (332119):    -1.238             -39.214 registro_direccion:inst8|valor_interno[0] 
    Info (332119):    -0.571              -4.056 divisor:inst2|div 
    Info (332119):    -0.221              -0.221 clk 
    Info (332119):     2.077               0.000 secuenciador:secueciador|registro_sec:inst|CC 
    Info (332119):     2.093               0.000 secuenciador:secueciador|registro_sec:inst|CZ 
    Info (332119):     2.121               0.000 secuenciador:secueciador|registro_sec:inst|CH 
Info (332140): No Recovery paths to report
Info (332140): No Removal paths to report
Info (332146): Worst-case minimum pulse width slack is -3.000
    Info (332119):     Slack       End Point TNS Clock 
    Info (332119): ========= =================== =====================
    Info (332119):    -3.000             -33.447 clk 
    Info (332119):    -1.000            -126.000 divisor:inst2|div 
    Info (332119):    -1.000              -1.000 secuenciador:secueciador|registro_sec:inst|CC 
    Info (332119):    -1.000              -1.000 secuenciador:secueciador|registro_sec:inst|CH 
    Info (332119):    -1.000              -1.000 secuenciador:secueciador|registro_sec:inst|CZ 
    Info (332119):     0.101               0.000 registro_direccion:inst8|valor_interno[0] 
Info (332102): Design is not fully constrained for setup requirements
Info (332102): Design is not fully constrained for hold requirements
Info: Quartus Prime TimeQuest Timing Analyzer was successful. 0 errors, 166 warnings
    Info: Peak virtual memory: 4890 megabytes
    Info: Processing ended: Fri Nov 01 23:10:16 2019
    Info: Elapsed time: 00:00:35
    Info: Total CPU time (on all processors): 00:01:12


