Flow report for practica2
Wed Aug 21 04:04:46 2019
Quartus Prime Version 17.1.0 Build 590 10/25/2017 SJ Lite Edition


---------------------
; Table of Contents ;
---------------------
  1. Legal Notice
  2. Flow Summary
  3. Flow Settings
  4. Flow Non-Default Global Settings
  5. Flow Elapsed Time
  6. Flow OS Summary
  7. Flow Log
  8. Flow Messages
  9. Flow Suppressed Messages



----------------
; Legal Notice ;
----------------
Copyright (C) 2017  Intel Corporation. All rights reserved.
Your use of Intel Corporation's design tools, logic functions 
and other software and tools, and its AMPP partner logic 
functions, and any output files from any of the foregoing 
(including device programming or simulation files), and any 
associated documentation or information are expressly subject 
to the terms and conditions of the Intel Program License 
Subscription Agreement, the Intel Quartus Prime License Agreement,
the Intel FPGA IP License Agreement, or other applicable license
agreement, including, without limitation, that your use is for
the sole purpose of programming logic devices manufactured by
Intel and sold by Intel or its authorized distributors.  Please
refer to the applicable agreement for further details.



+----------------------------------------------------------------------------------+
; Flow Summary                                                                     ;
+------------------------------------+---------------------------------------------+
; Flow Status                        ; Successful - Wed Aug 21 04:04:46 2019       ;
; Quartus Prime Version              ; 17.1.0 Build 590 10/25/2017 SJ Lite Edition ;
; Revision Name                      ; practica2                                   ;
; Top-level Entity Name              ; practica2                                   ;
; Family                             ; MAX 10                                      ;
; Device                             ; 10M08SAU169C8G                              ;
; Timing Models                      ; Final                                       ;
; Total logic elements               ; 4 / 8,064 ( < 1 % )                         ;
;     Total combinational functions  ; 4 / 8,064 ( < 1 % )                         ;
;     Dedicated logic registers      ; 2 / 8,064 ( < 1 % )                         ;
; Total registers                    ; 2                                           ;
; Total pins                         ; 3 / 130 ( 2 % )                             ;
; Total virtual pins                 ; 0                                           ;
; Total memory bits                  ; 0 / 387,072 ( 0 % )                         ;
; Embedded Multiplier 9-bit elements ; 0 / 48 ( 0 % )                              ;
; Total PLLs                         ; 0 / 1 ( 0 % )                               ;
; UFM blocks                         ; 0 / 1 ( 0 % )                               ;
; ADC blocks                         ; 0 / 1 ( 0 % )                               ;
+------------------------------------+---------------------------------------------+


+-----------------------------------------+
; Flow Settings                           ;
+-------------------+---------------------+
; Option            ; Setting             ;
+-------------------+---------------------+
; Start date & time ; 08/17/2019 09:18:26 ;
; Main task         ; Compilation         ;
; Revision Name     ; practica2           ;
+-------------------+---------------------+


+-----------------------------------------------------------------------------------------------------------------------------+
; Flow Non-Default Global Settings                                                                                            ;
+-------------------------------------+----------------------------------------+---------------+-------------+----------------+
; Assignment Name                     ; Value                                  ; Default Value ; Entity Name ; Section Id     ;
+-------------------------------------+----------------------------------------+---------------+-------------+----------------+
; COMPILER_SIGNATURE_ID               ; 106481256385335.156605150604396        ; --            ; --          ; --             ;
; EDA_OUTPUT_DATA_FORMAT              ; Vhdl                                   ; --            ; --          ; eda_simulation ;
; EDA_SIMULATION_TOOL                 ; ModelSim-Altera (VHDL)                 ; <None>        ; --          ; --             ;
; EDA_TIME_SCALE                      ; 1 ps                                   ; --            ; --          ; eda_simulation ;
; MAX_CORE_JUNCTION_TEMP              ; 85                                     ; --            ; --          ; --             ;
; MIN_CORE_JUNCTION_TEMP              ; 0                                      ; --            ; --          ; --             ;
; PARTITION_COLOR                     ; -- (Not supported for targeted family) ; --            ; --          ; Top            ;
; PARTITION_FITTER_PRESERVATION_LEVEL ; -- (Not supported for targeted family) ; --            ; --          ; Top            ;
; PARTITION_NETLIST_TYPE              ; -- (Not supported for targeted family) ; --            ; --          ; Top            ;
; PROJECT_OUTPUT_DIRECTORY            ; output_files                           ; --            ; --          ; --             ;
+-------------------------------------+----------------------------------------+---------------+-------------+----------------+


+-------------------------------------------------------------------------------------------------------------------------------+
; Flow Elapsed Time                                                                                                             ;
+---------------------------+--------------+-------------------------+---------------------+------------------------------------+
; Module Name               ; Elapsed Time ; Average Processors Used ; Peak Virtual Memory ; Total CPU Time (on all processors) ;
+---------------------------+--------------+-------------------------+---------------------+------------------------------------+
; Analysis & Synthesis      ; 00:00:58     ; 1.0                     ; 612 MB              ; 00:01:20                           ;
; Fitter                    ; 00:00:54     ; 1.0                     ; 1180 MB             ; 00:00:26                           ;
; Assembler                 ; 00:00:09     ; 1.0                     ; 537 MB              ; 00:00:04                           ;
; Power Analyzer            ; 00:00:17     ; 1.0                     ; 654 MB              ; 00:00:14                           ;
; TimeQuest Timing Analyzer ; 00:00:16     ; 1.0                     ; 615 MB              ; 00:00:13                           ;
; EDA Netlist Writer        ; 00:00:06     ; 1.0                     ; 500 MB              ; 00:00:02                           ;
; EDA Netlist Writer        ; 00:00:02     ; 1.0                     ; 484 MB              ; 00:00:02                           ;
; EDA Netlist Writer        ; 00:00:02     ; 1.0                     ; 492 MB              ; 00:00:02                           ;
; EDA Netlist Writer        ; 00:00:05     ; 1.0                     ; 484 MB              ; 00:00:02                           ;
; EDA Netlist Writer        ; 00:00:05     ; 1.0                     ; 492 MB              ; 00:00:02                           ;
; EDA Netlist Writer        ; 00:00:07     ; 1.0                     ; 4641 MB             ; 00:00:04                           ;
; EDA Netlist Writer        ; 00:00:04     ; 1.0                     ; 4641 MB             ; 00:00:04                           ;
; EDA Netlist Writer        ; 00:00:05     ; 1.0                     ; 4649 MB             ; 00:00:04                           ;
; EDA Netlist Writer        ; 00:00:04     ; 1.0                     ; 4641 MB             ; 00:00:04                           ;
; EDA Netlist Writer        ; 00:00:05     ; 1.0                     ; 4649 MB             ; 00:00:04                           ;
; EDA Netlist Writer        ; 00:00:05     ; 1.0                     ; 4641 MB             ; 00:00:03                           ;
; EDA Netlist Writer        ; 00:00:04     ; 1.0                     ; 4649 MB             ; 00:00:03                           ;
; EDA Netlist Writer        ; 00:00:16     ; 1.0                     ; 4641 MB             ; 00:00:03                           ;
; EDA Netlist Writer        ; 00:00:25     ; 1.0                     ; 4641 MB             ; 00:00:05                           ;
; EDA Netlist Writer        ; 00:00:06     ; 1.0                     ; 4645 MB             ; 00:00:03                           ;
; EDA Netlist Writer        ; 00:00:03     ; 1.0                     ; 4637 MB             ; 00:00:03                           ;
; EDA Netlist Writer        ; 00:00:04     ; 1.0                     ; 4645 MB             ; 00:00:03                           ;
; Total                     ; 00:04:22     ; --                      ; --                  ; 00:03:10                           ;
+---------------------------+--------------+-------------------------+---------------------+------------------------------------+


+-----------------------------------------------------------------------------------------+
; Flow OS Summary                                                                         ;
+---------------------------+------------------+------------+------------+----------------+
; Module Name               ; Machine Hostname ; OS Name    ; OS Version ; Processor type ;
+---------------------------+------------------+------------+------------+----------------+
; Analysis & Synthesis      ; Ilse-HP          ; Windows 7  ; 6.1        ; x86_64         ;
; Fitter                    ; Ilse-HP          ; Windows 7  ; 6.1        ; x86_64         ;
; Assembler                 ; Ilse-HP          ; Windows 7  ; 6.1        ; x86_64         ;
; Power Analyzer            ; Ilse-HP          ; Windows 7  ; 6.1        ; x86_64         ;
; TimeQuest Timing Analyzer ; Ilse-HP          ; Windows 7  ; 6.1        ; x86_64         ;
; EDA Netlist Writer        ; Ilse-HP          ; Windows 7  ; 6.1        ; x86_64         ;
; EDA Netlist Writer        ; Ilse-HP          ; Windows 7  ; 6.1        ; x86_64         ;
; EDA Netlist Writer        ; Ilse-HP          ; Windows 7  ; 6.1        ; x86_64         ;
; EDA Netlist Writer        ; Ilse-HP          ; Windows 7  ; 6.1        ; x86_64         ;
; EDA Netlist Writer        ; Ilse-HP          ; Windows 7  ; 6.1        ; x86_64         ;
; EDA Netlist Writer        ; DESKTOP-9PM7NAR  ; Windows 10 ; 10.0       ; x86_64         ;
; EDA Netlist Writer        ; DESKTOP-9PM7NAR  ; Windows 10 ; 10.0       ; x86_64         ;
; EDA Netlist Writer        ; DESKTOP-9PM7NAR  ; Windows 10 ; 10.0       ; x86_64         ;
; EDA Netlist Writer        ; DESKTOP-9PM7NAR  ; Windows 10 ; 10.0       ; x86_64         ;
; EDA Netlist Writer        ; DESKTOP-9PM7NAR  ; Windows 10 ; 10.0       ; x86_64         ;
; EDA Netlist Writer        ; DESKTOP-9PM7NAR  ; Windows 10 ; 10.0       ; x86_64         ;
; EDA Netlist Writer        ; DESKTOP-9PM7NAR  ; Windows 10 ; 10.0       ; x86_64         ;
; EDA Netlist Writer        ; DESKTOP-S7HGID8  ; Windows 10 ; 10.0       ; x86_64         ;
; EDA Netlist Writer        ; DESKTOP-S7HGID8  ; Windows 10 ; 10.0       ; x86_64         ;
; EDA Netlist Writer        ; DESKTOP-S7HGID8  ; Windows 10 ; 10.0       ; x86_64         ;
; EDA Netlist Writer        ; DESKTOP-S7HGID8  ; Windows 10 ; 10.0       ; x86_64         ;
; EDA Netlist Writer        ; DESKTOP-S7HGID8  ; Windows 10 ; 10.0       ; x86_64         ;
+---------------------------+------------------+------------+------------+----------------+


------------
; Flow Log ;
------------
quartus_map --read_settings_files=on --write_settings_files=off practica2 -c practica2
quartus_fit --read_settings_files=off --write_settings_files=off practica2 -c practica2
quartus_asm --read_settings_files=off --write_settings_files=off practica2 -c practica2
quartus_pow --read_settings_files=off --write_settings_files=off practica2 -c practica2
quartus_sta practica2 -c practica2
quartus_eda --read_settings_files=off --write_settings_files=off practica2 -c practica2
quartus_eda --gen_testbench --tool=modelsim_oem --format=verilog --write_settings_files=off practica2 -c practica2 --vector_source=C:/Users/Ilse/Documents/Arquitectura/Waveform.vwf --testbench_file=C:/Users/Ilse/Documents/Arquitectura/simulation/qsim/Waveform.vwf.vt
quartus_eda --write_settings_files=off --simulation=on --functional=on --flatten_buses=off --tool=modelsim_oem --format=verilog --output_directory=C:/Users/Ilse/Documents/Arquitectura/simulation/qsim/ practica2 -c practica2
quartus_eda --gen_testbench --tool=modelsim_oem --format=verilog --write_settings_files=off practica2 -c practica2 --vector_source=C:/Users/Ilse/Documents/Arquitectura/Waveform.vwf --testbench_file=C:/Users/Ilse/Documents/Arquitectura/simulation/qsim/Waveform.vwf.vt
quartus_eda --write_settings_files=off --simulation=on --functional=on --flatten_buses=off --tool=modelsim_oem --format=verilog --output_directory=C:/Users/Ilse/Documents/Arquitectura/simulation/qsim/ practica2 -c practica2
quartus_eda --gen_testbench --tool=modelsim_oem --format=verilog --write_settings_files=off practica2 -c practica2 --vector_source=C:/Users/Ilse/Documents/Arquitectura/Waveform.vwf --testbench_file=C:/Users/Ilse/Documents/Arquitectura/simulation/qsim/Waveform.vwf.vt
quartus_eda --gen_testbench --tool=modelsim_oem --format=verilog --write_settings_files=off practica2 -c practica2 --vector_source=C:/Users/angel/OneDrive/Escritorio/Arquitectura/Waveform1.vwf --testbench_file=C:/Users/angel/OneDrive/Escritorio/Arquitectura/simulation/qsim/Waveform1.vwf.vt
quartus_eda --write_settings_files=off --simulation=on --functional=on --flatten_buses=off --tool=modelsim_oem --format=verilog --output_directory=C:/Users/angel/OneDrive/Escritorio/Arquitectura/simulation/qsim/ practica2 -c practica2
quartus_eda --gen_testbench --tool=modelsim_oem --format=verilog --write_settings_files=off practica2 -c practica2 --vector_source=C:/Users/angel/OneDrive/Escritorio/Arquitectura/Waveform1.vwf --testbench_file=C:/Users/angel/OneDrive/Escritorio/Arquitectura/simulation/qsim/Waveform1.vwf.vt
quartus_eda --write_settings_files=off --simulation=on --functional=on --flatten_buses=off --tool=modelsim_oem --format=verilog --output_directory=C:/Users/angel/OneDrive/Escritorio/Arquitectura/simulation/qsim/ practica2 -c practica2
quartus_eda --gen_testbench --tool=modelsim_oem --format=verilog --write_settings_files=off practica2 -c practica2 --vector_source=C:/Users/angel/OneDrive/Escritorio/Arquitectura/Waveform1.vwf --testbench_file=C:/Users/angel/OneDrive/Escritorio/Arquitectura/simulation/qsim/Waveform1.vwf.vt
quartus_eda --write_settings_files=off --simulation=on --functional=on --flatten_buses=off --tool=modelsim_oem --format=verilog --output_directory=C:/Users/angel/OneDrive/Escritorio/Arquitectura/simulation/qsim/ practica2 -c practica2
quartus_eda --gen_testbench --tool=modelsim_oem --format=verilog --write_settings_files=off practica2 -c practica2 --vector_source=C:/Users/angel/OneDrive/Escritorio/Arquitectura/Waveform1.vwf --testbench_file=C:/Users/angel/OneDrive/Escritorio/Arquitectura/simulation/qsim/Waveform1.vwf.vt
quartus_eda --gen_testbench --tool=modelsim_oem --format=verilog --write_settings_files=off practica2 -c practica2 --vector_source=C:/Users/Angel-Znoker/Documents/9noSemestre/Arqui/p2/Waveform.vwf --testbench_file=C:/Users/Angel-Znoker/Documents/9noSemestre/Arqui/p2/simulation/qsim/Waveform.vwf.vt
quartus_eda --write_settings_files=off --simulation=on --functional=on --flatten_buses=off --tool=modelsim_oem --format=verilog --output_directory=C:/Users/Angel-Znoker/Documents/9noSemestre/Arqui/p2/simulation/qsim/ practica2 -c practica2
quartus_eda --gen_testbench --tool=modelsim_oem --format=verilog --write_settings_files=off practica2 -c practica2 --vector_source=C:/Users/Angel-Znoker/Documents/9noSemestre/Arqui/p2/Waveform.vwf --testbench_file=C:/Users/Angel-Znoker/Documents/9noSemestre/Arqui/p2/simulation/qsim/Waveform.vwf.vt
quartus_eda --write_settings_files=off --simulation=on --functional=on --flatten_buses=off --tool=modelsim_oem --format=verilog --output_directory=C:/Users/Angel-Znoker/Documents/9noSemestre/Arqui/p2/simulation/qsim/ practica2 -c practica2



